Copyright 1986-2022 Xilinx, Inc. All Rights Reserved. Copyright 2022-2023 Advanced Micro Devices, Inc. All Rights Reserved.
------------------------------------------------------------------------------------------------------------------------------------------------------------------------------------------------------------------------
| Tool Version : Vivado v.2023.1 (win64) Build 3865809 Sun May  7 15:05:29 MDT 2023
| Date         : Sat Mar  7 11:01:38 2026
| Host         : LENOVO8302 running 64-bit major release  (build 9200)
| Command      : report_timing_summary -max_paths 10 -report_unconstrained -file suma4bitr_timing_summary_routed.rpt -pb suma4bitr_timing_summary_routed.pb -rpx suma4bitr_timing_summary_routed.rpx -warn_on_violation
| Design       : suma4bitr
| Device       : 7a35t-cpg236
| Speed File   : -1  PRODUCTION 1.23 2018-06-13
| Design State : Routed
------------------------------------------------------------------------------------------------------------------------------------------------------------------------------------------------------------------------

Timing Summary Report

------------------------------------------------------------------------------------------------
| Timer Settings
| --------------
------------------------------------------------------------------------------------------------

  Enable Multi Corner Analysis               :  Yes
  Enable Pessimism Removal                   :  Yes
  Pessimism Removal Resolution               :  Nearest Common Node
  Enable Input Delay Default Clock           :  No
  Enable Preset / Clear Arcs                 :  No
  Disable Flight Delays                      :  No
  Ignore I/O Paths                           :  No
  Timing Early Launch at Borrowing Latches   :  No
  Borrow Time for Max Delay Exceptions       :  Yes
  Merge Timing Exceptions                    :  Yes

  Corner  Analyze    Analyze    
  Name    Max Paths  Min Paths  
  ------  ---------  ---------  
  Slow    Yes        Yes        
  Fast    Yes        Yes        


------------------------------------------------------------------------------------------------
| Report Methodology
| ------------------
------------------------------------------------------------------------------------------------

No report available as report_methodology has not been run prior. Run report_methodology on the current design for the summary of methodology violations.



check_timing report

Table of Contents
-----------------
1. checking no_clock (0)
2. checking constant_clock (0)
3. checking pulse_width_clock (0)
4. checking unconstrained_internal_endpoints (0)
5. checking no_input_delay (0)
6. checking no_output_delay (0)
7. checking multiple_clock (0)
8. checking generated_clocks (0)
9. checking loops (0)
10. checking partial_input_delay (0)
11. checking partial_output_delay (0)
12. checking latch_loops (0)

1. checking no_clock (0)
------------------------
 There are 0 register/latch pins with no clock.


2. checking constant_clock (0)
------------------------------
 There are 0 register/latch pins with constant_clock.


3. checking pulse_width_clock (0)
---------------------------------
 There are 0 register/latch pins which need pulse_width check


4. checking unconstrained_internal_endpoints (0)
------------------------------------------------
 There are 0 pins that are not constrained for maximum delay.

 There are 0 pins that are not constrained for maximum delay due to constant clock.


5. checking no_input_delay (0)
------------------------------
 There are 0 input ports with no input delay specified.

 There are 0 input ports with no input delay but user has a false path constraint.


6. checking no_output_delay (0)
-------------------------------
 There are 0 ports with no output delay specified.

 There are 0 ports with no output delay but user has a false path constraint

 There are 0 ports with no output delay but with a timing clock defined on it or propagating through it


7. checking multiple_clock (0)
------------------------------
 There are 0 register/latch pins with multiple clocks.


8. checking generated_clocks (0)
--------------------------------
 There are 0 generated clocks that are not connected to a clock source.


9. checking loops (0)
---------------------
 There are 0 combinational loops in the design.


10. checking partial_input_delay (0)
------------------------------------
 There are 0 input ports with partial input delay specified.


11. checking partial_output_delay (0)
-------------------------------------
 There are 0 ports with partial output delay specified.


12. checking latch_loops (0)
----------------------------
 There are 0 combinational latch loops in the design through latch input



------------------------------------------------------------------------------------------------
| Design Timing Summary
| ---------------------
------------------------------------------------------------------------------------------------

    WNS(ns)      TNS(ns)  TNS Failing Endpoints  TNS Total Endpoints      WHS(ns)      THS(ns)  THS Failing Endpoints  THS Total Endpoints     WPWS(ns)     TPWS(ns)  TPWS Failing Endpoints  TPWS Total Endpoints  
    -------      -------  ---------------------  -------------------      -------      -------  ---------------------  -------------------     --------     --------  ----------------------  --------------------  
        inf        0.000                      0                    5          inf        0.000                      0                    5           NA           NA                      NA                    NA  


There are no user specified timing constraints.


------------------------------------------------------------------------------------------------
| Clock Summary
| -------------
------------------------------------------------------------------------------------------------


------------------------------------------------------------------------------------------------
| Intra Clock Table
| -----------------
------------------------------------------------------------------------------------------------

Clock             WNS(ns)      TNS(ns)  TNS Failing Endpoints  TNS Total Endpoints      WHS(ns)      THS(ns)  THS Failing Endpoints  THS Total Endpoints     WPWS(ns)     TPWS(ns)  TPWS Failing Endpoints  TPWS Total Endpoints  
-----             -------      -------  ---------------------  -------------------      -------      -------  ---------------------  -------------------     --------     --------  ----------------------  --------------------  


------------------------------------------------------------------------------------------------
| Inter Clock Table
| -----------------
------------------------------------------------------------------------------------------------

From Clock    To Clock          WNS(ns)      TNS(ns)  TNS Failing Endpoints  TNS Total Endpoints      WHS(ns)      THS(ns)  THS Failing Endpoints  THS Total Endpoints  
----------    --------          -------      -------  ---------------------  -------------------      -------      -------  ---------------------  -------------------  


------------------------------------------------------------------------------------------------
| Other Path Groups Table
| -----------------------
------------------------------------------------------------------------------------------------

Path Group    From Clock    To Clock          WNS(ns)      TNS(ns)  TNS Failing Endpoints  TNS Total Endpoints      WHS(ns)      THS(ns)  THS Failing Endpoints  THS Total Endpoints  
----------    ----------    --------          -------      -------  ---------------------  -------------------      -------      -------  ---------------------  -------------------  


------------------------------------------------------------------------------------------------
| User Ignored Path Table
| -----------------------
------------------------------------------------------------------------------------------------

Path Group    From Clock    To Clock    
----------    ----------    --------    


------------------------------------------------------------------------------------------------
| Unconstrained Path Table
| ------------------------
------------------------------------------------------------------------------------------------

Path Group    From Clock    To Clock    
----------    ----------    --------    
(none)                                    


------------------------------------------------------------------------------------------------
| Timing Details
| --------------
------------------------------------------------------------------------------------------------


--------------------------------------------------------------------------------------
Path Group:  (none)
From Clock:  
  To Clock:  

Max Delay             5 Endpoints
Min Delay             5 Endpoints
--------------------------------------------------------------------------------------


Max Delay Paths
--------------------------------------------------------------------------------------
Slack:                    inf
  Source:                 b[3]
                            (input port)
  Destination:            cout
                            (output port)
  Path Group:             (none)
  Path Type:              Max at Slow Process Corner
  Data Path Delay:        11.187ns  (logic 5.317ns (47.531%)  route 5.870ns (52.469%))
  Logic Levels:           3  (IBUF=1 LUT5=1 OBUF=1)

    Location             Delay type                Incr(ns)  Path(ns)    Netlist Resource(s)
  -------------------------------------------------------------------    -------------------
    V2                                                0.000     0.000 r  b[3] (IN)
                         net (fo=0)                   0.000     0.000    b[3]
    V2                   IBUF (Prop_ibuf_I_O)         1.454     1.454 r  b_IBUF[3]_inst/O
                         net (fo=2, routed)           3.844     5.299    b_IBUF[3]
    SLICE_X0Y10          LUT5 (Prop_lut5_I3_O)        0.150     5.449 r  cout_OBUF_inst_i_1/O
                         net (fo=1, routed)           2.025     7.474    cout_OBUF
    U16                  OBUF (Prop_obuf_I_O)         3.713    11.187 r  cout_OBUF_inst/O
                         net (fo=0)                   0.000    11.187    cout
    U16                                                               r  cout (OUT)
  -------------------------------------------------------------------    -------------------

Slack:                    inf
  Source:                 b[3]
                            (input port)
  Destination:            sout[3]
                            (output port)
  Path Group:             (none)
  Path Type:              Max at Slow Process Corner
  Data Path Delay:        10.798ns  (logic 5.087ns (47.110%)  route 5.711ns (52.890%))
  Logic Levels:           3  (IBUF=1 LUT5=1 OBUF=1)

    Location             Delay type                Incr(ns)  Path(ns)    Netlist Resource(s)
  -------------------------------------------------------------------    -------------------
    V2                                                0.000     0.000 r  b[3] (IN)
                         net (fo=0)                   0.000     0.000    b[3]
    V2                   IBUF (Prop_ibuf_I_O)         1.454     1.454 r  b_IBUF[3]_inst/O
                         net (fo=2, routed)           3.844     5.299    b_IBUF[3]
    SLICE_X0Y10          LUT5 (Prop_lut5_I4_O)        0.124     5.423 r  sout_OBUF[3]_inst_i_1/O
                         net (fo=1, routed)           1.867     7.290    sout_OBUF[3]
    W18                  OBUF (Prop_obuf_I_O)         3.509    10.798 r  sout_OBUF[3]_inst/O
                         net (fo=0)                   0.000    10.798    sout[3]
    W18                                                               r  sout[3] (OUT)
  -------------------------------------------------------------------    -------------------

Slack:                    inf
  Source:                 a[0]
                            (input port)
  Destination:            sout[2]
                            (output port)
  Path Group:             (none)
  Path Type:              Max at Slow Process Corner
  Data Path Delay:        9.358ns  (logic 5.448ns (58.224%)  route 3.909ns (41.776%))
  Logic Levels:           4  (IBUF=1 LUT3=1 LUT5=1 OBUF=1)

    Location             Delay type                Incr(ns)  Path(ns)    Netlist Resource(s)
  -------------------------------------------------------------------    -------------------
    V16                                               0.000     0.000 r  a[0] (IN)
                         net (fo=0)                   0.000     0.000    a[0]
    V16                  IBUF (Prop_ibuf_I_O)         1.461     1.461 r  a_IBUF[0]_inst/O
                         net (fo=3, routed)           1.392     2.854    a_IBUF[0]
    SLICE_X0Y10          LUT5 (Prop_lut5_I2_O)        0.152     3.006 r  sout_OBUF[3]_inst_i_2/O
                         net (fo=3, routed)           0.451     3.456    c1
    SLICE_X0Y10          LUT3 (Prop_lut3_I0_O)        0.326     3.782 r  sout_OBUF[2]_inst_i_1/O
                         net (fo=1, routed)           2.066     5.849    sout_OBUF[2]
    V19                  OBUF (Prop_obuf_I_O)         3.509     9.358 r  sout_OBUF[2]_inst/O
                         net (fo=0)                   0.000     9.358    sout[2]
    V19                                                               r  sout[2] (OUT)
  -------------------------------------------------------------------    -------------------

Slack:                    inf
  Source:                 b[0]
                            (input port)
  Destination:            sout[0]
                            (output port)
  Path Group:             (none)
  Path Type:              Max at Slow Process Corner
  Data Path Delay:        9.260ns  (logic 5.120ns (55.287%)  route 4.141ns (44.713%))
  Logic Levels:           3  (IBUF=1 LUT3=1 OBUF=1)

    Location             Delay type                Incr(ns)  Path(ns)    Netlist Resource(s)
  -------------------------------------------------------------------    -------------------
    V15                                               0.000     0.000 r  b[0] (IN)
                         net (fo=0)                   0.000     0.000    b[0]
    V15                  IBUF (Prop_ibuf_I_O)         1.466     1.466 r  b_IBUF[0]_inst/O
                         net (fo=3, routed)           1.385     2.851    b_IBUF[0]
    SLICE_X0Y10          LUT3 (Prop_lut3_I2_O)        0.124     2.975 r  sout_OBUF[0]_inst_i_1/O
                         net (fo=1, routed)           2.755     5.731    sout_OBUF[0]
    E19                  OBUF (Prop_obuf_I_O)         3.530     9.260 r  sout_OBUF[0]_inst/O
                         net (fo=0)                   0.000     9.260    sout[0]
    E19                                                               r  sout[0] (OUT)
  -------------------------------------------------------------------    -------------------

Slack:                    inf
  Source:                 a[0]
                            (input port)
  Destination:            sout[1]
                            (output port)
  Path Group:             (none)
  Path Type:              Max at Slow Process Corner
  Data Path Delay:        8.384ns  (logic 5.086ns (60.668%)  route 3.298ns (39.332%))
  Logic Levels:           3  (IBUF=1 LUT5=1 OBUF=1)

    Location             Delay type                Incr(ns)  Path(ns)    Netlist Resource(s)
  -------------------------------------------------------------------    -------------------
    V16                                               0.000     0.000 r  a[0] (IN)
                         net (fo=0)                   0.000     0.000    a[0]
    V16                  IBUF (Prop_ibuf_I_O)         1.461     1.461 r  a_IBUF[0]_inst/O
                         net (fo=3, routed)           1.392     2.854    a_IBUF[0]
    SLICE_X0Y10          LUT5 (Prop_lut5_I0_O)        0.124     2.978 r  sout_OBUF[1]_inst_i_1/O
                         net (fo=1, routed)           1.905     4.883    sout_OBUF[1]
    U19                  OBUF (Prop_obuf_I_O)         3.501     8.384 r  sout_OBUF[1]_inst/O
                         net (fo=0)                   0.000     8.384    sout[1]
    U19                                                               r  sout[1] (OUT)
  -------------------------------------------------------------------    -------------------





Min Delay Paths
--------------------------------------------------------------------------------------
Slack:                    inf
  Source:                 a[2]
                            (input port)
  Destination:            sout[3]
                            (output port)
  Path Group:             (none)
  Path Type:              Min at Fast Process Corner
  Data Path Delay:        2.306ns  (logic 1.471ns (63.807%)  route 0.835ns (36.193%))
  Logic Levels:           3  (IBUF=1 LUT5=1 OBUF=1)

    Location             Delay type                Incr(ns)  Path(ns)    Netlist Resource(s)
  -------------------------------------------------------------------    -------------------
    W17                                               0.000     0.000 r  a[2] (IN)
                         net (fo=0)                   0.000     0.000    a[2]
    W17                  IBUF (Prop_ibuf_I_O)         0.217     0.217 r  a_IBUF[2]_inst/O
                         net (fo=3, routed)           0.410     0.626    a_IBUF[2]
    SLICE_X0Y10          LUT5 (Prop_lut5_I0_O)        0.045     0.671 r  sout_OBUF[3]_inst_i_1/O
                         net (fo=1, routed)           0.425     1.096    sout_OBUF[3]
    W18                  OBUF (Prop_obuf_I_O)         1.210     2.306 r  sout_OBUF[3]_inst/O
                         net (fo=0)                   0.000     2.306    sout[3]
    W18                                                               r  sout[3] (OUT)
  -------------------------------------------------------------------    -------------------

Slack:                    inf
  Source:                 b[1]
                            (input port)
  Destination:            sout[1]
                            (output port)
  Path Group:             (none)
  Path Type:              Min at Fast Process Corner
  Data Path Delay:        2.311ns  (logic 1.465ns (63.399%)  route 0.846ns (36.601%))
  Logic Levels:           3  (IBUF=1 LUT5=1 OBUF=1)

    Location             Delay type                Incr(ns)  Path(ns)    Netlist Resource(s)
  -------------------------------------------------------------------    -------------------
    W14                                               0.000     0.000 r  b[1] (IN)
                         net (fo=0)                   0.000     0.000    b[1]
    W14                  IBUF (Prop_ibuf_I_O)         0.218     0.218 r  b_IBUF[1]_inst/O
                         net (fo=2, routed)           0.412     0.630    b_IBUF[1]
    SLICE_X0Y10          LUT5 (Prop_lut5_I4_O)        0.045     0.675 r  sout_OBUF[1]_inst_i_1/O
                         net (fo=1, routed)           0.434     1.109    sout_OBUF[1]
    U19                  OBUF (Prop_obuf_I_O)         1.202     2.311 r  sout_OBUF[1]_inst/O
                         net (fo=0)                   0.000     2.311    sout[1]
    U19                                                               r  sout[1] (OUT)
  -------------------------------------------------------------------    -------------------

Slack:                    inf
  Source:                 a[2]
                            (input port)
  Destination:            cout
                            (output port)
  Path Group:             (none)
  Path Type:              Min at Fast Process Corner
  Data Path Delay:        2.437ns  (logic 1.539ns (63.143%)  route 0.898ns (36.857%))
  Logic Levels:           3  (IBUF=1 LUT5=1 OBUF=1)

    Location             Delay type                Incr(ns)  Path(ns)    Netlist Resource(s)
  -------------------------------------------------------------------    -------------------
    W17                                               0.000     0.000 r  a[2] (IN)
                         net (fo=0)                   0.000     0.000    a[2]
    W17                  IBUF (Prop_ibuf_I_O)         0.217     0.217 r  a_IBUF[2]_inst/O
                         net (fo=3, routed)           0.410     0.626    a_IBUF[2]
    SLICE_X0Y10          LUT5 (Prop_lut5_I2_O)        0.049     0.675 r  cout_OBUF_inst_i_1/O
                         net (fo=1, routed)           0.488     1.164    cout_OBUF
    U16                  OBUF (Prop_obuf_I_O)         1.273     2.437 r  cout_OBUF_inst/O
                         net (fo=0)                   0.000     2.437    cout
    U16                                                               r  cout (OUT)
  -------------------------------------------------------------------    -------------------

Slack:                    inf
  Source:                 a[2]
                            (input port)
  Destination:            sout[2]
                            (output port)
  Path Group:             (none)
  Path Type:              Min at Fast Process Corner
  Data Path Delay:        2.508ns  (logic 1.472ns (58.682%)  route 1.036ns (41.318%))
  Logic Levels:           3  (IBUF=1 LUT3=1 OBUF=1)

    Location             Delay type                Incr(ns)  Path(ns)    Netlist Resource(s)
  -------------------------------------------------------------------    -------------------
    W17                                               0.000     0.000 r  a[2] (IN)
                         net (fo=0)                   0.000     0.000    a[2]
    W17                  IBUF (Prop_ibuf_I_O)         0.217     0.217 r  a_IBUF[2]_inst/O
                         net (fo=3, routed)           0.535     0.752    a_IBUF[2]
    SLICE_X0Y10          LUT3 (Prop_lut3_I1_O)        0.045     0.797 r  sout_OBUF[2]_inst_i_1/O
                         net (fo=1, routed)           0.501     1.298    sout_OBUF[2]
    V19                  OBUF (Prop_obuf_I_O)         1.210     2.508 r  sout_OBUF[2]_inst/O
                         net (fo=0)                   0.000     2.508    sout[2]
    V19                                                               r  sout[2] (OUT)
  -------------------------------------------------------------------    -------------------

Slack:                    inf
  Source:                 cin
                            (input port)
  Destination:            sout[0]
                            (output port)
  Path Group:             (none)
  Path Type:              Min at Fast Process Corner
  Data Path Delay:        2.742ns  (logic 1.497ns (54.582%)  route 1.245ns (45.418%))
  Logic Levels:           3  (IBUF=1 LUT3=1 OBUF=1)

    Location             Delay type                Incr(ns)  Path(ns)    Netlist Resource(s)
  -------------------------------------------------------------------    -------------------
    V17                                               0.000     0.000 r  cin (IN)
                         net (fo=0)                   0.000     0.000    cin
    V17                  IBUF (Prop_ibuf_I_O)         0.221     0.221 r  cin_IBUF_inst/O
                         net (fo=3, routed)           0.439     0.660    cin_IBUF
    SLICE_X0Y10          LUT3 (Prop_lut3_I0_O)        0.045     0.705 r  sout_OBUF[0]_inst_i_1/O
                         net (fo=1, routed)           0.806     1.511    sout_OBUF[0]
    E19                  OBUF (Prop_obuf_I_O)         1.231     2.742 r  sout_OBUF[0]_inst/O
                         net (fo=0)                   0.000     2.742    sout[0]
    E19                                                               r  sout[0] (OUT)
  -------------------------------------------------------------------    -------------------





