#-----------------------------------------------------------
# Vivado v2023.1 (64-bit)
# SW Build 3865809 on Sun May  7 15:05:29 MDT 2023
# IP Build 3864474 on Sun May  7 20:36:21 MDT 2023
# SharedData Build 3865790 on Sun May 07 13:33:03 MDT 2023
# Start of session at: Sat Mar 28 12:18:06 2026
# Process ID: 4560
# Current directory: C:/Users/njimenezs/Documents/arqui/clase2026/basico
# Command line: vivado.exe -gui_launcher_event rodinguilauncherevent452 C:\Users\njimenezs\Documents\arqui\clase2026\basico\basico.xpr
# Log file: C:/Users/njimenezs/Documents/arqui/clase2026/basico/vivado.log
# Journal file: C:/Users/njimenezs/Documents/arqui/clase2026/basico\vivado.jou
# Running On: LENOVO8302, OS: Windows, CPU Frequency: 3600 MHz, CPU Physical cores: 4, Host memory: 17010 MB
#-----------------------------------------------------------
start_gui
open_project C:/Users/njimenezs/Documents/arqui/clase2026/basico/basico.xpr
WARNING: [Board 49-26] cannot add Board Part xilinx.com:kc705:part0:1.6 available at C:/Xilinx/Vivado/2023.1/data/xhub/boards/XilinxBoardStore/boards/Xilinx/kc705/1.6/board.xml as part xc7k325tffg900-2 specified in board_part file is either invalid or not available
WARNING: [Board 49-26] cannot add Board Part xilinx.com:kcu105:part0:1.6 available at C:/Xilinx/Vivado/2023.1/data/xhub/boards/XilinxBoardStore/boards/Xilinx/kcu105/1.6/board.xml as part xcku040-ffva1156-2-e specified in board_part file is either invalid or not available
WARNING: [Board 49-26] cannot add Board Part xilinx.com:kcu105:part0:1.7 available at C:/Xilinx/Vivado/2023.1/data/xhub/boards/XilinxBoardStore/boards/Xilinx/kcu105/1.7/board.xml as part xcku040-ffva1156-2-e specified in board_part file is either invalid or not available
WARNING: [Board 49-26] cannot add Board Part xilinx.com:kcu1500:part0:1.2 available at C:/Xilinx/Vivado/2023.1/data/xhub/boards/XilinxBoardStore/boards/Xilinx/kcu1500/1.2/board.xml as part xcku115-flvb2104-2-e specified in board_part file is either invalid or not available
WARNING: [Board 49-26] cannot add Board Part xilinx.com:vc707:part0:1.4 available at C:/Xilinx/Vivado/2023.1/data/xhub/boards/XilinxBoardStore/boards/Xilinx/vc707/1.4/board.xml as part xc7vx485tffg1761-2 specified in board_part file is either invalid or not available
WARNING: [Board 49-26] cannot add Board Part xilinx.com:vc709:part0:1.8 available at C:/Xilinx/Vivado/2023.1/data/xhub/boards/XilinxBoardStore/boards/Xilinx/vc709/1.8/board.xml as part xc7vx690tffg1761-2 specified in board_part file is either invalid or not available
WARNING: [Board 49-26] cannot add Board Part xilinx.com:vck190:part0:2.2 available at C:/Xilinx/Vivado/2023.1/data/xhub/boards/XilinxBoardStore/boards/Xilinx/vck190/production/2.2/board.xml as part xcvc1902-vsva2197-2mp-e-s specified in board_part file is either invalid or not available
WARNING: [Board 49-26] cannot add Board Part xilinx.com:vck190:part0:3.0 available at C:/Xilinx/Vivado/2023.1/data/xhub/boards/XilinxBoardStore/boards/Xilinx/vck190/production/3.0/board.xml as part xcvc1902-vsva2197-2mp-e-s specified in board_part file is either invalid or not available
WARNING: [Board 49-26] cannot add Board Part xilinx.com:vck190:part0:3.1 available at C:/Xilinx/Vivado/2023.1/data/xhub/boards/XilinxBoardStore/boards/Xilinx/vck190/production/3.1/board.xml as part xcvc1902-vsva2197-2mp-e-s specified in board_part file is either invalid or not available
WARNING: [Board 49-26] cannot add Board Part xilinx.com:vck190:part0:3.2 available at C:/Xilinx/Vivado/2023.1/data/xhub/boards/XilinxBoardStore/boards/Xilinx/vck190/production/3.2/board.xml as part xcvc1902-vsva2197-2mp-e-s specified in board_part file is either invalid or not available
WARNING: [Board 49-26] cannot add Board Part xilinx.com:vck190_newl:part0:1.0 available at C:/Xilinx/Vivado/2023.1/data/xhub/boards/XilinxBoardStore/boards/Xilinx/vck190_newl/production/1.0/board.xml as part xcvc1902-vsva2197-2mp-e-s specified in board_part file is either invalid or not available
WARNING: [Board 49-26] cannot add Board Part xilinx.com:vck190_newl:part0:1.1 available at C:/Xilinx/Vivado/2023.1/data/xhub/boards/XilinxBoardStore/boards/Xilinx/vck190_newl/production/1.1/board.xml as part xcvc1902-vsva2197-2mp-e-s specified in board_part file is either invalid or not available
WARNING: [Board 49-26] cannot add Board Part xilinx.com:vcu108:part0:1.6 available at C:/Xilinx/Vivado/2023.1/data/xhub/boards/XilinxBoardStore/boards/Xilinx/vcu108/1.6/board.xml as part xcvu095-ffva2104-2-e specified in board_part file is either invalid or not available
WARNING: [Board 49-26] cannot add Board Part xilinx.com:vcu108:part0:1.7 available at C:/Xilinx/Vivado/2023.1/data/xhub/boards/XilinxBoardStore/boards/Xilinx/vcu108/1.7/board.xml as part xcvu095-ffva2104-2-e specified in board_part file is either invalid or not available
WARNING: [Board 49-26] cannot add Board Part xilinx.com:vcu110:part0:1.4 available at C:/Xilinx/Vivado/2023.1/data/xhub/boards/XilinxBoardStore/boards/Xilinx/vcu110/1.4/board.xml as part xcvu190-flgc2104-2-e specified in board_part file is either invalid or not available
WARNING: [Board 49-26] cannot add Board Part xilinx.com:vcu118:part0:2.0 available at C:/Xilinx/Vivado/2023.1/data/xhub/boards/XilinxBoardStore/boards/Xilinx/vcu118/2.0/board.xml as part xcvu9p-flga2104-2l-e specified in board_part file is either invalid or not available
WARNING: [Board 49-26] cannot add Board Part xilinx.com:vcu118:part0:2.3 available at C:/Xilinx/Vivado/2023.1/data/xhub/boards/XilinxBoardStore/boards/Xilinx/vcu118/2.3/board.xml as part xcvu9p-flga2104-2l-e specified in board_part file is either invalid or not available
WARNING: [Board 49-26] cannot add Board Part xilinx.com:vcu118:part0:2.4 available at C:/Xilinx/Vivado/2023.1/data/xhub/boards/XilinxBoardStore/boards/Xilinx/vcu118/2.4/board.xml as part xcvu9p-flga2104-2l-e specified in board_part file is either invalid or not available
WARNING: [Board 49-26] cannot add Board Part xilinx.com:vcu129:part0:1.0 available at C:/Xilinx/Vivado/2023.1/data/xhub/boards/XilinxBoardStore/boards/Xilinx/vcu129/production/1.0/board.xml as part xcvu29p-fsga2577-2l-e specified in board_part file is either invalid or not available
WARNING: [Board 49-26] cannot add Board Part xilinx.com:vcu1525:part0:1.3 available at C:/Xilinx/Vivado/2023.1/data/xhub/boards/XilinxBoardStore/boards/Xilinx/vcu1525/1.3/board.xml as part xcvu9p-fsgd2104-2l-e specified in board_part file is either invalid or not available
WARNING: [Board 49-26] cannot add Board Part xilinx.com:vek280_es:part0:1.0 available at C:/Xilinx/Vivado/2023.1/data/xhub/boards/XilinxBoardStore/boards/Xilinx/vek280/es/rev_a/1.0/board.xml as part xcve2802-vsvh1760-2lp-e-s-es1 specified in board_part file is either invalid or not available
WARNING: [Board 49-26] cannot add Board Part xilinx.com:vek280_es:part0:1.1 available at C:/Xilinx/Vivado/2023.1/data/xhub/boards/XilinxBoardStore/boards/Xilinx/vek280/es/rev_a/1.1/board.xml as part xcve2802-vsvh1760-2lp-e-s-es1 specified in board_part file is either invalid or not available
WARNING: [Board 49-26] cannot add Board Part xilinx.com:vek280_es_revb:part0:1.0 available at C:/Xilinx/Vivado/2023.1/data/xhub/boards/XilinxBoardStore/boards/Xilinx/vek280/es/rev_b/1.0/board.xml as part xcve2802-vsvh1760-2mp-e-s-es1 specified in board_part file is either invalid or not available
WARNING: [Board 49-26] cannot add Board Part xilinx.com:vek280_es_revb:part0:1.1 available at C:/Xilinx/Vivado/2023.1/data/xhub/boards/XilinxBoardStore/boards/Xilinx/vek280/es/rev_b/1.1/board.xml as part xcve2802-vsvh1760-2mp-e-s-es1 specified in board_part file is either invalid or not available
WARNING: [Board 49-26] cannot add Board Part xilinx.com:vermeo_t1_mpsoc:part0:1.0 available at C:/Xilinx/Vivado/2023.1/data/xhub/boards/XilinxBoardStore/boards/Xilinx/vermeo_t1_mpsoc/1.0/board.xml as part xczu19eg-ffvd1760-2l-e specified in board_part file is either invalid or not available
WARNING: [Board 49-26] cannot add Board Part xilinx.com:vermeo_t1_rfsoc:part0:1.0 available at C:/Xilinx/Vivado/2023.1/data/xhub/boards/XilinxBoardStore/boards/Xilinx/vermeo_t1_rfsoc/1.0/board.xml as part xczu21dr-ffvd1156-2l-e specified in board_part file is either invalid or not available
WARNING: [Board 49-26] cannot add Board Part xilinx.com:vhk158:part0:1.0 available at C:/Xilinx/Vivado/2023.1/data/xhub/boards/XilinxBoardStore/boards/Xilinx/vhk158/production/1.0/board.xml as part xcvh1582-vsva3697-2mp-e-s specified in board_part file is either invalid or not available
WARNING: [Board 49-26] cannot add Board Part xilinx.com:vhk158_es:part0:1.0 available at C:/Xilinx/Vivado/2023.1/data/xhub/boards/XilinxBoardStore/boards/Xilinx/vhk158/es/1.0/board.xml as part xcvh1582-vsva3697-2mp-e-s-es1 specified in board_part file is either invalid or not available
WARNING: [Board 49-26] cannot add Board Part xilinx.com:vhk158_es:part0:1.1 available at C:/Xilinx/Vivado/2023.1/data/xhub/boards/XilinxBoardStore/boards/Xilinx/vhk158/es/1.1/board.xml as part xcvh1582-vsva3697-2mp-e-s-es1 specified in board_part file is either invalid or not available
WARNING: [Board 49-26] cannot add Board Part xilinx.com:vmk180:part0:2.2 available at C:/Xilinx/Vivado/2023.1/data/xhub/boards/XilinxBoardStore/boards/Xilinx/vmk180/production/2.2/board.xml as part xcvm1802-vsva2197-2mp-e-s specified in board_part file is either invalid or not available
WARNING: [Board 49-26] cannot add Board Part xilinx.com:vmk180:part0:3.0 available at C:/Xilinx/Vivado/2023.1/data/xhub/boards/XilinxBoardStore/boards/Xilinx/vmk180/production/3.0/board.xml as part xcvm1802-vsva2197-2mp-e-s specified in board_part file is either invalid or not available
WARNING: [Board 49-26] cannot add Board Part xilinx.com:vmk180:part0:3.1 available at C:/Xilinx/Vivado/2023.1/data/xhub/boards/XilinxBoardStore/boards/Xilinx/vmk180/production/3.1/board.xml as part xcvm1802-vsva2197-2mp-e-s specified in board_part file is either invalid or not available
WARNING: [Board 49-26] cannot add Board Part xilinx.com:vmk180:part0:3.2 available at C:/Xilinx/Vivado/2023.1/data/xhub/boards/XilinxBoardStore/boards/Xilinx/vmk180/production/3.2/board.xml as part xcvm1802-vsva2197-2mp-e-s specified in board_part file is either invalid or not available
WARNING: [Board 49-26] cannot add Board Part xilinx.com:vmk180_newl:part0:1.0 available at C:/Xilinx/Vivado/2023.1/data/xhub/boards/XilinxBoardStore/boards/Xilinx/vmk180_newl/production/1.0/board.xml as part xcvm1802-vsva2197-2mp-e-s specified in board_part file is either invalid or not available
WARNING: [Board 49-26] cannot add Board Part xilinx.com:vmk180_newl:part0:1.1 available at C:/Xilinx/Vivado/2023.1/data/xhub/boards/XilinxBoardStore/boards/Xilinx/vmk180_newl/production/1.1/board.xml as part xcvm1802-vsva2197-2mp-e-s specified in board_part file is either invalid or not available
WARNING: [Board 49-26] cannot add Board Part xilinx.com:vpk120:part0:1.0 available at C:/Xilinx/Vivado/2023.1/data/xhub/boards/XilinxBoardStore/boards/Xilinx/vpk120/production/1.0/board.xml as part xcvp1202-vsva2785-2mp-e-s specified in board_part file is either invalid or not available
WARNING: [Board 49-26] cannot add Board Part xilinx.com:vpk120:part0:1.1 available at C:/Xilinx/Vivado/2023.1/data/xhub/boards/XilinxBoardStore/boards/Xilinx/vpk120/production/1.1/board.xml as part xcvp1202-vsva2785-2mp-e-s specified in board_part file is either invalid or not available
WARNING: [Board 49-26] cannot add Board Part xilinx.com:vpk120_es:part0:1.2 available at C:/Xilinx/Vivado/2023.1/data/xhub/boards/XilinxBoardStore/boards/Xilinx/vpk120/es/1.2/board.xml as part xcvp1202-vsva2785-2mp-e-s-es1 specified in board_part file is either invalid or not available
WARNING: [Board 49-26] cannot add Board Part xilinx.com:vpk120_es:part0:1.3 available at C:/Xilinx/Vivado/2023.1/data/xhub/boards/XilinxBoardStore/boards/Xilinx/vpk120/es/1.3/board.xml as part xcvp1202-vsva2785-2mp-e-s-es1 specified in board_part file is either invalid or not available
WARNING: [Board 49-26] cannot add Board Part xilinx.com:vpk120_es_revb:part0:1.0 available at C:/Xilinx/Vivado/2023.1/data/xhub/boards/XilinxBoardStore/boards/Xilinx/vpk120_revb/es/1.0/board.xml as part xcvp1202-vsva2785-2mp-e-s-es1 specified in board_part file is either invalid or not available
WARNING: [Board 49-26] cannot add Board Part xilinx.com:vpk120_es_revb:part0:1.1 available at C:/Xilinx/Vivado/2023.1/data/xhub/boards/XilinxBoardStore/boards/Xilinx/vpk120_revb/es/1.1/board.xml as part xcvp1202-vsva2785-2mp-e-s-es1 specified in board_part file is either invalid or not available
WARNING: [Board 49-26] cannot add Board Part xilinx.com:vpk180:part0:1.0 available at C:/Xilinx/Vivado/2023.1/data/xhub/boards/XilinxBoardStore/boards/Xilinx/vpk180/production/1.0/board.xml as part xcvp1802-lsvc4072-2mp-e-s specified in board_part file is either invalid or not available
WARNING: [Board 49-26] cannot add Board Part xilinx.com:vpk180:part0:1.1 available at C:/Xilinx/Vivado/2023.1/data/xhub/boards/XilinxBoardStore/boards/Xilinx/vpk180/production/1.1/board.xml as part xcvp1802-lsvc4072-2mp-e-s specified in board_part file is either invalid or not available
WARNING: [Board 49-26] cannot add Board Part xilinx.com:vpk180_es:part0:1.0 available at C:/Xilinx/Vivado/2023.1/data/xhub/boards/XilinxBoardStore/boards/Xilinx/vpk180/es/1.0/board.xml as part xcvp1802-lsvc4072-2mp-e-s-es1 specified in board_part file is either invalid or not available
WARNING: [Board 49-26] cannot add Board Part xilinx.com:vpk180_es:part0:1.1 available at C:/Xilinx/Vivado/2023.1/data/xhub/boards/XilinxBoardStore/boards/Xilinx/vpk180/es/1.1/board.xml as part xcvp1802-lsvc4072-2mp-e-s-es1 specified in board_part file is either invalid or not available
WARNING: [Board 49-26] cannot add Board Part xilinx.com:zc706:part0:1.4 available at C:/Xilinx/Vivado/2023.1/data/xhub/boards/XilinxBoardStore/boards/Xilinx/zc706/1.4/board.xml as part xc7z045ffg900-2 specified in board_part file is either invalid or not available
WARNING: [Board 49-26] cannot add Board Part xilinx.com:zcu102:part0:3.3 available at C:/Xilinx/Vivado/2023.1/data/xhub/boards/XilinxBoardStore/boards/Xilinx/zcu102/3.3/board.xml as part xczu9eg-ffvb1156-2-e specified in board_part file is either invalid or not available
WARNING: [Board 49-26] cannot add Board Part xilinx.com:zcu102:part0:3.4 available at C:/Xilinx/Vivado/2023.1/data/xhub/boards/XilinxBoardStore/boards/Xilinx/zcu102/3.4/board.xml as part xczu9eg-ffvb1156-2-e specified in board_part file is either invalid or not available
WARNING: [Board 49-26] cannot add Board Part xilinx.com:zcu111:part0:1.2 available at C:/Xilinx/Vivado/2023.1/data/xhub/boards/XilinxBoardStore/boards/Xilinx/zcu111/1.2/board.xml as part xczu28dr-ffvg1517-2-e specified in board_part file is either invalid or not available
WARNING: [Board 49-26] cannot add Board Part xilinx.com:zcu111:part0:1.3 available at C:/Xilinx/Vivado/2023.1/data/xhub/boards/XilinxBoardStore/boards/Xilinx/zcu111/1.3/board.xml as part xczu28dr-ffvg1517-2-e specified in board_part file is either invalid or not available
WARNING: [Board 49-26] cannot add Board Part xilinx.com:zcu111:part0:1.4 available at C:/Xilinx/Vivado/2023.1/data/xhub/boards/XilinxBoardStore/boards/Xilinx/zcu111/1.4/board.xml as part xczu28dr-ffvg1517-2-e specified in board_part file is either invalid or not available
WARNING: [Board 49-26] cannot add Board Part xilinx.com:zcu1275:part0:1.0 available at C:/Xilinx/Vivado/2023.1/data/xhub/boards/XilinxBoardStore/boards/Xilinx/zcu1275/1.0/board.xml as part xczu29dr-ffvf1760-2-e specified in board_part file is either invalid or not available
WARNING: [Board 49-26] cannot add Board Part xilinx.com:zcu1285:part0:1.0 available at C:/Xilinx/Vivado/2023.1/data/xhub/boards/XilinxBoardStore/boards/Xilinx/zcu1285/1.0/board.xml as part xczu39dr-ffvf1760-2-i specified in board_part file is either invalid or not available
WARNING: [Board 49-26] cannot add Board Part xilinx.com:zcu208:part0:2.0 available at C:/Xilinx/Vivado/2023.1/data/xhub/boards/XilinxBoardStore/boards/Xilinx/zcu208/production/2.0/board.xml as part xczu48dr-fsvg1517-2-e specified in board_part file is either invalid or not available
WARNING: [Board 49-26] cannot add Board Part xilinx.com:zcu208ld:part0:2.0 available at C:/Xilinx/Vivado/2023.1/data/xhub/boards/XilinxBoardStore/boards/Xilinx/zcu208ld/production/2.0/board.xml as part xczu58dr-fsvg1517-2-i specified in board_part file is either invalid or not available
WARNING: [Board 49-26] cannot add Board Part xilinx.com:zcu216:part0:2.0 available at C:/Xilinx/Vivado/2023.1/data/xhub/boards/XilinxBoardStore/boards/Xilinx/zcu216/production/2.0/board.xml as part xczu49dr-ffvf1760-2-e specified in board_part file is either invalid or not available
WARNING: [Board 49-26] cannot add Board Part xilinx.com:zcu216ld:part0:2.0 available at C:/Xilinx/Vivado/2023.1/data/xhub/boards/XilinxBoardStore/boards/Xilinx/zcu216ld/production/2.0/board.xml as part xczu59dr-ffvf1760-2-i specified in board_part file is either invalid or not available
WARNING: [Board 49-26] cannot add Board Part xilinx.com:zcu670:part0:2.0 available at C:/Xilinx/Vivado/2023.1/data/xhub/boards/XilinxBoardStore/boards/Xilinx/zcu670/2.0/board.xml as part xczu67dr-fsve1156-2-i specified in board_part file is either invalid or not available
WARNING: [Board 49-26] cannot add Board Part xilinx.com:zcu670ld:part0:1.0 available at C:/Xilinx/Vivado/2023.1/data/xhub/boards/XilinxBoardStore/boards/Xilinx/zcu670ld/1.0/board.xml as part xczu57dr-fsve1156-2-i specified in board_part file is either invalid or not available
INFO: [filemgmt 56-3] Default IP Output Path : Could not find the directory 'C:/Users/njimenezs/Documents/arqui/clase2026/basico/basico.gen/sources_1'.
Scanning sources...
Finished scanning sources
INFO: [IP_Flow 19-234] Refreshing IP repositories
INFO: [IP_Flow 19-1704] No user IP repositories specified
INFO: [IP_Flow 19-2313] Loaded Vivado IP repository 'C:/Xilinx/Vivado/2023.1/data/ip'.
open_project: Time (s): cpu = 00:00:29 ; elapsed = 00:00:14 . Memory (MB): peak = 1477.211 ; gain = 360.371
update_compile_order -fileset sources_1
close [ open C:/Users/njimenezs/Documents/arqui/clase2026/basico/basico.srcs/sources_1/new/luzuwu.vhd w ]
add_files C:/Users/njimenezs/Documents/arqui/clase2026/basico/basico.srcs/sources_1/new/luzuwu.vhd
update_compile_order -fileset sources_1
set_property top luzuwu [current_fileset]
update_compile_order -fileset sources_1
copy_constraints -constrset constrs_1 luzuwu
luzuwu
synth_design -rtl -rtl_skip_mlo -name rtl_1
Command: synth_design -rtl -rtl_skip_mlo -name rtl_1
Starting synth_design
Using part: xc7a35tcpg236-1
Top: luzuwu
INFO: [Device 21-403] Loading part xc7a35tcpg236-1
---------------------------------------------------------------------------------
Starting RTL Elaboration : Time (s): cpu = 00:00:05 ; elapsed = 00:00:05 . Memory (MB): peak = 2255.109 ; gain = 392.125
---------------------------------------------------------------------------------
INFO: [Synth 8-638] synthesizing module 'luzuwu' [C:/Users/njimenezs/Documents/arqui/clase2026/basico/basico.srcs/sources_1/new/luzuwu.vhd:41]
INFO: [Synth 8-256] done synthesizing module 'luzuwu' (0#1) [C:/Users/njimenezs/Documents/arqui/clase2026/basico/basico.srcs/sources_1/new/luzuwu.vhd:41]
WARNING: [Synth 8-6014] Unused sequential element counter_reg was removed.  [C:/Users/njimenezs/Documents/arqui/clase2026/basico/basico.srcs/sources_1/new/luzuwu.vhd:77]
WARNING: [Synth 8-6014] Unused sequential element i_clock_reg was removed.  [C:/Users/njimenezs/Documents/arqui/clase2026/basico/basico.srcs/sources_1/new/luzuwu.vhd:79]
---------------------------------------------------------------------------------
Finished RTL Elaboration : Time (s): cpu = 00:00:07 ; elapsed = 00:00:08 . Memory (MB): peak = 2344.668 ; gain = 481.684
---------------------------------------------------------------------------------
---------------------------------------------------------------------------------
Start Handling Custom Attributes
---------------------------------------------------------------------------------
---------------------------------------------------------------------------------
Finished Handling Custom Attributes : Time (s): cpu = 00:00:07 ; elapsed = 00:00:08 . Memory (MB): peak = 2344.668 ; gain = 481.684
---------------------------------------------------------------------------------
---------------------------------------------------------------------------------
Finished RTL Optimization Phase 1 : Time (s): cpu = 00:00:07 ; elapsed = 00:00:08 . Memory (MB): peak = 2344.668 ; gain = 481.684
---------------------------------------------------------------------------------
Netlist sorting complete. Time (s): cpu = 00:00:00 ; elapsed = 00:00:00 . Memory (MB): peak = 2344.668 ; gain = 0.000
INFO: [Project 1-570] Preparing netlist for logic optimization

Processing XDC Constraints
Initializing timing engine
Parsing XDC File [C:/Users/njimenezs/Documents/arqui/clase2026/basico/basico.srcs/display_control/imports/Downloads/Basys-3-Master.xdc]
WARNING: [Vivado 12-584] No ports matched 'bcd_4[0]'. [C:/Users/njimenezs/Documents/arqui/clase2026/basico/basico.srcs/display_control/imports/Downloads/Basys-3-Master.xdc:12]
CRITICAL WARNING: [Common 17-55] 'set_property' expects at least one object. [C:/Users/njimenezs/Documents/arqui/clase2026/basico/basico.srcs/display_control/imports/Downloads/Basys-3-Master.xdc:12]
Resolution: If [get_<value>] was used to populate the object, check to make sure this command returns at least one valid object.
WARNING: [Vivado 12-584] No ports matched 'bcd_4[1]'. [C:/Users/njimenezs/Documents/arqui/clase2026/basico/basico.srcs/display_control/imports/Downloads/Basys-3-Master.xdc:13]
CRITICAL WARNING: [Common 17-55] 'set_property' expects at least one object. [C:/Users/njimenezs/Documents/arqui/clase2026/basico/basico.srcs/display_control/imports/Downloads/Basys-3-Master.xdc:13]
Resolution: If [get_<value>] was used to populate the object, check to make sure this command returns at least one valid object.
WARNING: [Vivado 12-584] No ports matched 'bcd_4[2]'. [C:/Users/njimenezs/Documents/arqui/clase2026/basico/basico.srcs/display_control/imports/Downloads/Basys-3-Master.xdc:14]
CRITICAL WARNING: [Common 17-55] 'set_property' expects at least one object. [C:/Users/njimenezs/Documents/arqui/clase2026/basico/basico.srcs/display_control/imports/Downloads/Basys-3-Master.xdc:14]
Resolution: If [get_<value>] was used to populate the object, check to make sure this command returns at least one valid object.
WARNING: [Vivado 12-584] No ports matched 'bcd_4[3]'. [C:/Users/njimenezs/Documents/arqui/clase2026/basico/basico.srcs/display_control/imports/Downloads/Basys-3-Master.xdc:15]
CRITICAL WARNING: [Common 17-55] 'set_property' expects at least one object. [C:/Users/njimenezs/Documents/arqui/clase2026/basico/basico.srcs/display_control/imports/Downloads/Basys-3-Master.xdc:15]
Resolution: If [get_<value>] was used to populate the object, check to make sure this command returns at least one valid object.
WARNING: [Vivado 12-584] No ports matched 'bcd_4[4]'. [C:/Users/njimenezs/Documents/arqui/clase2026/basico/basico.srcs/display_control/imports/Downloads/Basys-3-Master.xdc:16]
CRITICAL WARNING: [Common 17-55] 'set_property' expects at least one object. [C:/Users/njimenezs/Documents/arqui/clase2026/basico/basico.srcs/display_control/imports/Downloads/Basys-3-Master.xdc:16]
Resolution: If [get_<value>] was used to populate the object, check to make sure this command returns at least one valid object.
WARNING: [Vivado 12-584] No ports matched 'bcd_4[5]'. [C:/Users/njimenezs/Documents/arqui/clase2026/basico/basico.srcs/display_control/imports/Downloads/Basys-3-Master.xdc:17]
CRITICAL WARNING: [Common 17-55] 'set_property' expects at least one object. [C:/Users/njimenezs/Documents/arqui/clase2026/basico/basico.srcs/display_control/imports/Downloads/Basys-3-Master.xdc:17]
Resolution: If [get_<value>] was used to populate the object, check to make sure this command returns at least one valid object.
WARNING: [Vivado 12-584] No ports matched 'bcd_4[6]'. [C:/Users/njimenezs/Documents/arqui/clase2026/basico/basico.srcs/display_control/imports/Downloads/Basys-3-Master.xdc:18]
CRITICAL WARNING: [Common 17-55] 'set_property' expects at least one object. [C:/Users/njimenezs/Documents/arqui/clase2026/basico/basico.srcs/display_control/imports/Downloads/Basys-3-Master.xdc:18]
Resolution: If [get_<value>] was used to populate the object, check to make sure this command returns at least one valid object.
WARNING: [Vivado 12-584] No ports matched 'bcd_4[7]'. [C:/Users/njimenezs/Documents/arqui/clase2026/basico/basico.srcs/display_control/imports/Downloads/Basys-3-Master.xdc:19]
CRITICAL WARNING: [Common 17-55] 'set_property' expects at least one object. [C:/Users/njimenezs/Documents/arqui/clase2026/basico/basico.srcs/display_control/imports/Downloads/Basys-3-Master.xdc:19]
Resolution: If [get_<value>] was used to populate the object, check to make sure this command returns at least one valid object.
WARNING: [Vivado 12-584] No ports matched 'bcd_4[8]'. [C:/Users/njimenezs/Documents/arqui/clase2026/basico/basico.srcs/display_control/imports/Downloads/Basys-3-Master.xdc:20]
CRITICAL WARNING: [Common 17-55] 'set_property' expects at least one object. [C:/Users/njimenezs/Documents/arqui/clase2026/basico/basico.srcs/display_control/imports/Downloads/Basys-3-Master.xdc:20]
Resolution: If [get_<value>] was used to populate the object, check to make sure this command returns at least one valid object.
WARNING: [Vivado 12-584] No ports matched 'bcd_4[9]'. [C:/Users/njimenezs/Documents/arqui/clase2026/basico/basico.srcs/display_control/imports/Downloads/Basys-3-Master.xdc:21]
CRITICAL WARNING: [Common 17-55] 'set_property' expects at least one object. [C:/Users/njimenezs/Documents/arqui/clase2026/basico/basico.srcs/display_control/imports/Downloads/Basys-3-Master.xdc:21]
Resolution: If [get_<value>] was used to populate the object, check to make sure this command returns at least one valid object.
WARNING: [Vivado 12-584] No ports matched 'bcd_4[10]'. [C:/Users/njimenezs/Documents/arqui/clase2026/basico/basico.srcs/display_control/imports/Downloads/Basys-3-Master.xdc:22]
CRITICAL WARNING: [Common 17-55] 'set_property' expects at least one object. [C:/Users/njimenezs/Documents/arqui/clase2026/basico/basico.srcs/display_control/imports/Downloads/Basys-3-Master.xdc:22]
Resolution: If [get_<value>] was used to populate the object, check to make sure this command returns at least one valid object.
WARNING: [Vivado 12-584] No ports matched 'bcd_4[11]'. [C:/Users/njimenezs/Documents/arqui/clase2026/basico/basico.srcs/display_control/imports/Downloads/Basys-3-Master.xdc:23]
CRITICAL WARNING: [Common 17-55] 'set_property' expects at least one object. [C:/Users/njimenezs/Documents/arqui/clase2026/basico/basico.srcs/display_control/imports/Downloads/Basys-3-Master.xdc:23]
Resolution: If [get_<value>] was used to populate the object, check to make sure this command returns at least one valid object.
WARNING: [Vivado 12-584] No ports matched 'bcd_4[12]'. [C:/Users/njimenezs/Documents/arqui/clase2026/basico/basico.srcs/display_control/imports/Downloads/Basys-3-Master.xdc:24]
CRITICAL WARNING: [Common 17-55] 'set_property' expects at least one object. [C:/Users/njimenezs/Documents/arqui/clase2026/basico/basico.srcs/display_control/imports/Downloads/Basys-3-Master.xdc:24]
Resolution: If [get_<value>] was used to populate the object, check to make sure this command returns at least one valid object.
WARNING: [Vivado 12-584] No ports matched 'bcd_4[13]'. [C:/Users/njimenezs/Documents/arqui/clase2026/basico/basico.srcs/display_control/imports/Downloads/Basys-3-Master.xdc:25]
CRITICAL WARNING: [Common 17-55] 'set_property' expects at least one object. [C:/Users/njimenezs/Documents/arqui/clase2026/basico/basico.srcs/display_control/imports/Downloads/Basys-3-Master.xdc:25]
Resolution: If [get_<value>] was used to populate the object, check to make sure this command returns at least one valid object.
WARNING: [Vivado 12-584] No ports matched 'bcd_4[14]'. [C:/Users/njimenezs/Documents/arqui/clase2026/basico/basico.srcs/display_control/imports/Downloads/Basys-3-Master.xdc:26]
CRITICAL WARNING: [Common 17-55] 'set_property' expects at least one object. [C:/Users/njimenezs/Documents/arqui/clase2026/basico/basico.srcs/display_control/imports/Downloads/Basys-3-Master.xdc:26]
Resolution: If [get_<value>] was used to populate the object, check to make sure this command returns at least one valid object.
WARNING: [Vivado 12-584] No ports matched 'bcd_4[15]'. [C:/Users/njimenezs/Documents/arqui/clase2026/basico/basico.srcs/display_control/imports/Downloads/Basys-3-Master.xdc:27]
CRITICAL WARNING: [Common 17-55] 'set_property' expects at least one object. [C:/Users/njimenezs/Documents/arqui/clase2026/basico/basico.srcs/display_control/imports/Downloads/Basys-3-Master.xdc:27]
Resolution: If [get_<value>] was used to populate the object, check to make sure this command returns at least one valid object.
WARNING: [Vivado 12-584] No ports matched 'seg[6]'. [C:/Users/njimenezs/Documents/arqui/clase2026/basico/basico.srcs/display_control/imports/Downloads/Basys-3-Master.xdc:50]
CRITICAL WARNING: [Common 17-55] 'set_property' expects at least one object. [C:/Users/njimenezs/Documents/arqui/clase2026/basico/basico.srcs/display_control/imports/Downloads/Basys-3-Master.xdc:50]
Resolution: If [get_<value>] was used to populate the object, check to make sure this command returns at least one valid object.
WARNING: [Vivado 12-584] No ports matched 'seg[5]'. [C:/Users/njimenezs/Documents/arqui/clase2026/basico/basico.srcs/display_control/imports/Downloads/Basys-3-Master.xdc:51]
CRITICAL WARNING: [Common 17-55] 'set_property' expects at least one object. [C:/Users/njimenezs/Documents/arqui/clase2026/basico/basico.srcs/display_control/imports/Downloads/Basys-3-Master.xdc:51]
Resolution: If [get_<value>] was used to populate the object, check to make sure this command returns at least one valid object.
WARNING: [Vivado 12-584] No ports matched 'seg[4]'. [C:/Users/njimenezs/Documents/arqui/clase2026/basico/basico.srcs/display_control/imports/Downloads/Basys-3-Master.xdc:52]
CRITICAL WARNING: [Common 17-55] 'set_property' expects at least one object. [C:/Users/njimenezs/Documents/arqui/clase2026/basico/basico.srcs/display_control/imports/Downloads/Basys-3-Master.xdc:52]
Resolution: If [get_<value>] was used to populate the object, check to make sure this command returns at least one valid object.
WARNING: [Vivado 12-584] No ports matched 'seg[3]'. [C:/Users/njimenezs/Documents/arqui/clase2026/basico/basico.srcs/display_control/imports/Downloads/Basys-3-Master.xdc:53]
CRITICAL WARNING: [Common 17-55] 'set_property' expects at least one object. [C:/Users/njimenezs/Documents/arqui/clase2026/basico/basico.srcs/display_control/imports/Downloads/Basys-3-Master.xdc:53]
Resolution: If [get_<value>] was used to populate the object, check to make sure this command returns at least one valid object.
WARNING: [Vivado 12-584] No ports matched 'seg[2]'. [C:/Users/njimenezs/Documents/arqui/clase2026/basico/basico.srcs/display_control/imports/Downloads/Basys-3-Master.xdc:54]
CRITICAL WARNING: [Common 17-55] 'set_property' expects at least one object. [C:/Users/njimenezs/Documents/arqui/clase2026/basico/basico.srcs/display_control/imports/Downloads/Basys-3-Master.xdc:54]
Resolution: If [get_<value>] was used to populate the object, check to make sure this command returns at least one valid object.
WARNING: [Vivado 12-584] No ports matched 'seg[1]'. [C:/Users/njimenezs/Documents/arqui/clase2026/basico/basico.srcs/display_control/imports/Downloads/Basys-3-Master.xdc:55]
CRITICAL WARNING: [Common 17-55] 'set_property' expects at least one object. [C:/Users/njimenezs/Documents/arqui/clase2026/basico/basico.srcs/display_control/imports/Downloads/Basys-3-Master.xdc:55]
Resolution: If [get_<value>] was used to populate the object, check to make sure this command returns at least one valid object.
WARNING: [Vivado 12-584] No ports matched 'seg[0]'. [C:/Users/njimenezs/Documents/arqui/clase2026/basico/basico.srcs/display_control/imports/Downloads/Basys-3-Master.xdc:56]
CRITICAL WARNING: [Common 17-55] 'set_property' expects at least one object. [C:/Users/njimenezs/Documents/arqui/clase2026/basico/basico.srcs/display_control/imports/Downloads/Basys-3-Master.xdc:56]
Resolution: If [get_<value>] was used to populate the object, check to make sure this command returns at least one valid object.
WARNING: [Vivado 12-584] No ports matched 'sel_seg[0]'. [C:/Users/njimenezs/Documents/arqui/clase2026/basico/basico.srcs/display_control/imports/Downloads/Basys-3-Master.xdc:60]
CRITICAL WARNING: [Common 17-55] 'set_property' expects at least one object. [C:/Users/njimenezs/Documents/arqui/clase2026/basico/basico.srcs/display_control/imports/Downloads/Basys-3-Master.xdc:60]
Resolution: If [get_<value>] was used to populate the object, check to make sure this command returns at least one valid object.
WARNING: [Vivado 12-584] No ports matched 'sel_seg[1]'. [C:/Users/njimenezs/Documents/arqui/clase2026/basico/basico.srcs/display_control/imports/Downloads/Basys-3-Master.xdc:61]
CRITICAL WARNING: [Common 17-55] 'set_property' expects at least one object. [C:/Users/njimenezs/Documents/arqui/clase2026/basico/basico.srcs/display_control/imports/Downloads/Basys-3-Master.xdc:61]
Resolution: If [get_<value>] was used to populate the object, check to make sure this command returns at least one valid object.
WARNING: [Vivado 12-584] No ports matched 'sel_seg[2]'. [C:/Users/njimenezs/Documents/arqui/clase2026/basico/basico.srcs/display_control/imports/Downloads/Basys-3-Master.xdc:62]
CRITICAL WARNING: [Common 17-55] 'set_property' expects at least one object. [C:/Users/njimenezs/Documents/arqui/clase2026/basico/basico.srcs/display_control/imports/Downloads/Basys-3-Master.xdc:62]
Resolution: If [get_<value>] was used to populate the object, check to make sure this command returns at least one valid object.
WARNING: [Vivado 12-584] No ports matched 'sel_seg[3]'. [C:/Users/njimenezs/Documents/arqui/clase2026/basico/basico.srcs/display_control/imports/Downloads/Basys-3-Master.xdc:63]
CRITICAL WARNING: [Common 17-55] 'set_property' expects at least one object. [C:/Users/njimenezs/Documents/arqui/clase2026/basico/basico.srcs/display_control/imports/Downloads/Basys-3-Master.xdc:63]
Resolution: If [get_<value>] was used to populate the object, check to make sure this command returns at least one valid object.
Finished Parsing XDC File [C:/Users/njimenezs/Documents/arqui/clase2026/basico/basico.srcs/display_control/imports/Downloads/Basys-3-Master.xdc]
Completed Processing XDC Constraints

Netlist sorting complete. Time (s): cpu = 00:00:00 ; elapsed = 00:00:00 . Memory (MB): peak = 2390.820 ; gain = 0.000
INFO: [Project 1-111] Unisim Transformation Summary:
No Unisim elements were transformed.

RTL Elaboration Complete:  : Time (s): cpu = 00:00:16 ; elapsed = 00:00:13 . Memory (MB): peak = 2432.391 ; gain = 569.406
5 Infos, 29 Warnings, 27 Critical Warnings and 0 Errors encountered.
synth_design completed successfully
synth_design: Time (s): cpu = 00:00:20 ; elapsed = 00:00:18 . Memory (MB): peak = 2432.391 ; gain = 920.488
set_property is_enabled false [get_files  C:/Users/njimenezs/Documents/arqui/clase2026/basico/basico.srcs/display_control/imports/Downloads/Basys-3-Master.xdc]
set_property constrset luzuwu [get_runs synth_1]
set_property constrset luzuwu [get_runs impl_1]
refresh_design
INFO: [Project 1-570] Preparing netlist for logic optimization

Processing XDC Constraints
Initializing timing engine
Completed Processing XDC Constraints

refresh_design
INFO: [Common 17-41] Interrupt caught. Command should exit soon.
INFO: [Common 17-344] 'source' was cancelled
refresh_design: Time (s): cpu = 00:00:06 ; elapsed = 00:00:05 . Memory (MB): peak = 2523.551 ; gain = 68.738
INFO: [Common 17-344] 'refresh_design' was cancelled
refresh_design
CRITICAL WARNING: [Synth 8-9873] overwriting previous definition of module 'AIE_NOC_M_AXI' [C:/Xilinx/Vivado/2023.1/scripts/rt/data/unisim_comp.v:128]
INFO: [Synth 8-9937] previous definition of design element 'AIE_NOC_M_AXI' is here [C:/Xilinx/Vivado/2023.1/scripts/rt/data/unisim_comp.v:128]
CRITICAL WARNING: [Synth 8-9873] overwriting previous definition of module 'AIE_NOC_M_AXIS' [C:/Xilinx/Vivado/2023.1/scripts/rt/data/unisim_comp.v:160]
INFO: [Synth 8-9937] previous definition of design element 'AIE_NOC_M_AXIS' is here [C:/Xilinx/Vivado/2023.1/scripts/rt/data/unisim_comp.v:160]
CRITICAL WARNING: [Synth 8-9873] overwriting previous definition of module 'AIE_NOC_S_AXI' [C:/Xilinx/Vivado/2023.1/scripts/rt/data/unisim_comp.v:270]
INFO: [Synth 8-9937] previous definition of design element 'AIE_NOC_S_AXI' is here [C:/Xilinx/Vivado/2023.1/scripts/rt/data/unisim_comp.v:270]
CRITICAL WARNING: [Synth 8-9873] overwriting previous definition of module 'AIE_NOC_S_AXIS' [C:/Xilinx/Vivado/2023.1/scripts/rt/data/unisim_comp.v:302]
INFO: [Synth 8-9937] previous definition of design element 'AIE_NOC_S_AXIS' is here [C:/Xilinx/Vivado/2023.1/scripts/rt/data/unisim_comp.v:302]
CRITICAL WARNING: [Synth 8-9873] overwriting previous definition of module 'AIE_PL_M_AXIS128' [C:/Xilinx/Vivado/2023.1/scripts/rt/data/unisim_comp.v:322]
INFO: [Synth 8-9937] previous definition of design element 'AIE_PL_M_AXIS128' is here [C:/Xilinx/Vivado/2023.1/scripts/rt/data/unisim_comp.v:322]
CRITICAL WARNING: [Synth 8-9873] overwriting previous definition of module 'AIE_PL_M_AXIS32' [C:/Xilinx/Vivado/2023.1/scripts/rt/data/unisim_comp.v:342]
INFO: [Synth 8-9937] previous definition of design element 'AIE_PL_M_AXIS32' is here [C:/Xilinx/Vivado/2023.1/scripts/rt/data/unisim_comp.v:342]
CRITICAL WARNING: [Synth 8-9873] overwriting previous definition of module 'AIE_PL_M_AXIS64' [C:/Xilinx/Vivado/2023.1/scripts/rt/data/unisim_comp.v:362]
INFO: [Synth 8-9937] previous definition of design element 'AIE_PL_M_AXIS64' is here [C:/Xilinx/Vivado/2023.1/scripts/rt/data/unisim_comp.v:362]
CRITICAL WARNING: [Synth 8-9873] overwriting previous definition of module 'AIE_PL_M_EVENTS' [C:/Xilinx/Vivado/2023.1/scripts/rt/data/unisim_comp.v:372]
INFO: [Synth 8-9937] previous definition of design element 'AIE_PL_M_EVENTS' is here [C:/Xilinx/Vivado/2023.1/scripts/rt/data/unisim_comp.v:372]
CRITICAL WARNING: [Synth 8-9873] overwriting previous definition of module 'AIE_PL_S_AXIS128' [C:/Xilinx/Vivado/2023.1/scripts/rt/data/unisim_comp.v:392]
INFO: [Synth 8-9937] previous definition of design element 'AIE_PL_S_AXIS128' is here [C:/Xilinx/Vivado/2023.1/scripts/rt/data/unisim_comp.v:392]
CRITICAL WARNING: [Synth 8-9873] overwriting previous definition of module 'AIE_PL_S_AXIS32' [C:/Xilinx/Vivado/2023.1/scripts/rt/data/unisim_comp.v:412]
INFO: [Synth 8-9937] previous definition of design element 'AIE_PL_S_AXIS32' is here [C:/Xilinx/Vivado/2023.1/scripts/rt/data/unisim_comp.v:412]
CRITICAL WARNING: [Synth 8-9873] overwriting previous definition of module 'AIE_PL_S_AXIS64' [C:/Xilinx/Vivado/2023.1/scripts/rt/data/unisim_comp.v:432]
INFO: [Synth 8-9937] previous definition of design element 'AIE_PL_S_AXIS64' is here [C:/Xilinx/Vivado/2023.1/scripts/rt/data/unisim_comp.v:432]
CRITICAL WARNING: [Synth 8-9873] overwriting previous definition of module 'AIE_PL_S_EVENTS' [C:/Xilinx/Vivado/2023.1/scripts/rt/data/unisim_comp.v:442]
INFO: [Synth 8-9937] previous definition of design element 'AIE_PL_S_EVENTS' is here [C:/Xilinx/Vivado/2023.1/scripts/rt/data/unisim_comp.v:442]
CRITICAL WARNING: [Synth 8-9873] overwriting previous definition of module 'AMS_ADC' [C:/Xilinx/Vivado/2023.1/scripts/rt/data/unisim_comp.v:456]
INFO: [Synth 8-9937] previous definition of design element 'AMS_ADC' is here [C:/Xilinx/Vivado/2023.1/scripts/rt/data/unisim_comp.v:456]
CRITICAL WARNING: [Synth 8-9873] overwriting previous definition of module 'AMS_DAC' [C:/Xilinx/Vivado/2023.1/scripts/rt/data/unisim_comp.v:470]
INFO: [Synth 8-9937] previous definition of design element 'AMS_DAC' is here [C:/Xilinx/Vivado/2023.1/scripts/rt/data/unisim_comp.v:470]
CRITICAL WARNING: [Synth 8-9873] overwriting previous definition of module 'AND2' [C:/Xilinx/Vivado/2023.1/scripts/rt/data/unisim_comp.v:482]
INFO: [Synth 8-9937] previous definition of design element 'AND2' is here [C:/Xilinx/Vivado/2023.1/scripts/rt/data/unisim_comp.v:482]
CRITICAL WARNING: [Synth 8-9873] overwriting previous definition of module 'AND2B1' [C:/Xilinx/Vivado/2023.1/scripts/rt/data/unisim_comp.v:494]
INFO: [Synth 8-9937] previous definition of design element 'AND2B1' is here [C:/Xilinx/Vivado/2023.1/scripts/rt/data/unisim_comp.v:494]
CRITICAL WARNING: [Synth 8-9873] overwriting previous definition of module 'AND2B1L' [C:/Xilinx/Vivado/2023.1/scripts/rt/data/unisim_comp.v:507]
INFO: [Synth 8-9937] previous definition of design element 'AND2B1L' is here [C:/Xilinx/Vivado/2023.1/scripts/rt/data/unisim_comp.v:507]
CRITICAL WARNING: [Synth 8-9873] overwriting previous definition of module 'AND2B2' [C:/Xilinx/Vivado/2023.1/scripts/rt/data/unisim_comp.v:518]
INFO: [Synth 8-9937] previous definition of design element 'AND2B2' is here [C:/Xilinx/Vivado/2023.1/scripts/rt/data/unisim_comp.v:518]
CRITICAL WARNING: [Synth 8-9873] overwriting previous definition of module 'AND3' [C:/Xilinx/Vivado/2023.1/scripts/rt/data/unisim_comp.v:530]
INFO: [Synth 8-9937] previous definition of design element 'AND3' is here [C:/Xilinx/Vivado/2023.1/scripts/rt/data/unisim_comp.v:530]
CRITICAL WARNING: [Synth 8-9873] overwriting previous definition of module 'AND3B1' [C:/Xilinx/Vivado/2023.1/scripts/rt/data/unisim_comp.v:542]
INFO: [Synth 8-9937] previous definition of design element 'AND3B1' is here [C:/Xilinx/Vivado/2023.1/scripts/rt/data/unisim_comp.v:542]
CRITICAL WARNING: [Synth 8-9873] overwriting previous definition of module 'AND3B2' [C:/Xilinx/Vivado/2023.1/scripts/rt/data/unisim_comp.v:554]
INFO: [Synth 8-9937] previous definition of design element 'AND3B2' is here [C:/Xilinx/Vivado/2023.1/scripts/rt/data/unisim_comp.v:554]
CRITICAL WARNING: [Synth 8-9873] overwriting previous definition of module 'AND3B3' [C:/Xilinx/Vivado/2023.1/scripts/rt/data/unisim_comp.v:566]
INFO: [Synth 8-9937] previous definition of design element 'AND3B3' is here [C:/Xilinx/Vivado/2023.1/scripts/rt/data/unisim_comp.v:566]
CRITICAL WARNING: [Synth 8-9873] overwriting previous definition of module 'AND4' [C:/Xilinx/Vivado/2023.1/scripts/rt/data/unisim_comp.v:579]
INFO: [Synth 8-9937] previous definition of design element 'AND4' is here [C:/Xilinx/Vivado/2023.1/scripts/rt/data/unisim_comp.v:579]
CRITICAL WARNING: [Synth 8-9873] overwriting previous definition of module 'AND4B1' [C:/Xilinx/Vivado/2023.1/scripts/rt/data/unisim_comp.v:592]
INFO: [Synth 8-9937] previous definition of design element 'AND4B1' is here [C:/Xilinx/Vivado/2023.1/scripts/rt/data/unisim_comp.v:592]
CRITICAL WARNING: [Synth 8-9873] overwriting previous definition of module 'AND4B2' [C:/Xilinx/Vivado/2023.1/scripts/rt/data/unisim_comp.v:605]
INFO: [Synth 8-9937] previous definition of design element 'AND4B2' is here [C:/Xilinx/Vivado/2023.1/scripts/rt/data/unisim_comp.v:605]
CRITICAL WARNING: [Synth 8-9873] overwriting previous definition of module 'AND4B3' [C:/Xilinx/Vivado/2023.1/scripts/rt/data/unisim_comp.v:618]
INFO: [Synth 8-9937] previous definition of design element 'AND4B3' is here [C:/Xilinx/Vivado/2023.1/scripts/rt/data/unisim_comp.v:618]
CRITICAL WARNING: [Synth 8-9873] overwriting previous definition of module 'AND4B4' [C:/Xilinx/Vivado/2023.1/scripts/rt/data/unisim_comp.v:631]
INFO: [Synth 8-9937] previous definition of design element 'AND4B4' is here [C:/Xilinx/Vivado/2023.1/scripts/rt/data/unisim_comp.v:631]
CRITICAL WARNING: [Synth 8-9873] overwriting previous definition of module 'AND5' [C:/Xilinx/Vivado/2023.1/scripts/rt/data/unisim_comp.v:645]
INFO: [Synth 8-9937] previous definition of design element 'AND5' is here [C:/Xilinx/Vivado/2023.1/scripts/rt/data/unisim_comp.v:645]
CRITICAL WARNING: [Synth 8-9873] overwriting previous definition of module 'AND5B1' [C:/Xilinx/Vivado/2023.1/scripts/rt/data/unisim_comp.v:659]
INFO: [Synth 8-9937] previous definition of design element 'AND5B1' is here [C:/Xilinx/Vivado/2023.1/scripts/rt/data/unisim_comp.v:659]
CRITICAL WARNING: [Synth 8-9873] overwriting previous definition of module 'AND5B2' [C:/Xilinx/Vivado/2023.1/scripts/rt/data/unisim_comp.v:673]
INFO: [Synth 8-9937] previous definition of design element 'AND5B2' is here [C:/Xilinx/Vivado/2023.1/scripts/rt/data/unisim_comp.v:673]
CRITICAL WARNING: [Synth 8-9873] overwriting previous definition of module 'AND5B3' [C:/Xilinx/Vivado/2023.1/scripts/rt/data/unisim_comp.v:687]
INFO: [Synth 8-9937] previous definition of design element 'AND5B3' is here [C:/Xilinx/Vivado/2023.1/scripts/rt/data/unisim_comp.v:687]
CRITICAL WARNING: [Synth 8-9873] overwriting previous definition of module 'AND5B4' [C:/Xilinx/Vivado/2023.1/scripts/rt/data/unisim_comp.v:701]
INFO: [Synth 8-9937] previous definition of design element 'AND5B4' is here [C:/Xilinx/Vivado/2023.1/scripts/rt/data/unisim_comp.v:701]
CRITICAL WARNING: [Synth 8-9873] overwriting previous definition of module 'AND5B5' [C:/Xilinx/Vivado/2023.1/scripts/rt/data/unisim_comp.v:715]
INFO: [Synth 8-9937] previous definition of design element 'AND5B5' is here [C:/Xilinx/Vivado/2023.1/scripts/rt/data/unisim_comp.v:715]
CRITICAL WARNING: [Synth 8-9873] overwriting previous definition of module 'AUTOBUF' [C:/Xilinx/Vivado/2023.1/scripts/rt/data/unisim_comp.v:726]
INFO: [Synth 8-9937] previous definition of design element 'AUTOBUF' is here [C:/Xilinx/Vivado/2023.1/scripts/rt/data/unisim_comp.v:726]
CRITICAL WARNING: [Synth 8-9873] overwriting previous definition of module 'BFR_MATMULX' [C:/Xilinx/Vivado/2023.1/scripts/rt/data/unisim_comp.v:1163]
INFO: [Synth 8-9937] previous definition of design element 'BFR_MATMULX' is here [C:/Xilinx/Vivado/2023.1/scripts/rt/data/unisim_comp.v:1163]
CRITICAL WARNING: [Synth 8-9873] overwriting previous definition of module 'BIBUF' [C:/Xilinx/Vivado/2023.1/scripts/rt/data/unisim_comp.v:1173]
INFO: [Synth 8-9937] previous definition of design element 'BIBUF' is here [C:/Xilinx/Vivado/2023.1/scripts/rt/data/unisim_comp.v:1173]
CRITICAL WARNING: [Synth 8-9873] overwriting previous definition of module 'BITSLICE_CONTROL' [C:/Xilinx/Vivado/2023.1/scripts/rt/data/unisim_comp.v:1317]
INFO: [Synth 8-9937] previous definition of design element 'BITSLICE_CONTROL' is here [C:/Xilinx/Vivado/2023.1/scripts/rt/data/unisim_comp.v:1317]
CRITICAL WARNING: [Synth 8-9873] overwriting previous definition of module 'BSCANE2' [C:/Xilinx/Vivado/2023.1/scripts/rt/data/unisim_comp.v:1347]
INFO: [Synth 8-9937] previous definition of design element 'BSCANE2' is here [C:/Xilinx/Vivado/2023.1/scripts/rt/data/unisim_comp.v:1347]
CRITICAL WARNING: [Synth 8-9873] overwriting previous definition of module 'BSCAN_SPARTAN3' [C:/Xilinx/Vivado/2023.1/scripts/rt/data/unisim_comp.v:1366]
INFO: [Synth 8-9937] previous definition of design element 'BSCAN_SPARTAN3' is here [C:/Xilinx/Vivado/2023.1/scripts/rt/data/unisim_comp.v:1366]
CRITICAL WARNING: [Synth 8-9873] overwriting previous definition of module 'BSCAN_SPARTAN3A' [C:/Xilinx/Vivado/2023.1/scripts/rt/data/unisim_comp.v:1387]
INFO: [Synth 8-9937] previous definition of design element 'BSCAN_SPARTAN3A' is here [C:/Xilinx/Vivado/2023.1/scripts/rt/data/unisim_comp.v:1387]
CRITICAL WARNING: [Synth 8-9873] overwriting previous definition of module 'BSCAN_SPARTAN6' [C:/Xilinx/Vivado/2023.1/scripts/rt/data/unisim_comp.v:1407]
INFO: [Synth 8-9937] previous definition of design element 'BSCAN_SPARTAN6' is here [C:/Xilinx/Vivado/2023.1/scripts/rt/data/unisim_comp.v:1407]
CRITICAL WARNING: [Synth 8-9873] overwriting previous definition of module 'BSCAN_VIRTEX4' [C:/Xilinx/Vivado/2023.1/scripts/rt/data/unisim_comp.v:1424]
INFO: [Synth 8-9937] previous definition of design element 'BSCAN_VIRTEX4' is here [C:/Xilinx/Vivado/2023.1/scripts/rt/data/unisim_comp.v:1424]
CRITICAL WARNING: [Synth 8-9873] overwriting previous definition of module 'BSCAN_VIRTEX5' [C:/Xilinx/Vivado/2023.1/scripts/rt/data/unisim_comp.v:1441]
INFO: [Synth 8-9937] previous definition of design element 'BSCAN_VIRTEX5' is here [C:/Xilinx/Vivado/2023.1/scripts/rt/data/unisim_comp.v:1441]
CRITICAL WARNING: [Synth 8-9873] overwriting previous definition of module 'BSCAN_VIRTEX6' [C:/Xilinx/Vivado/2023.1/scripts/rt/data/unisim_comp.v:1462]
INFO: [Synth 8-9937] previous definition of design element 'BSCAN_VIRTEX6' is here [C:/Xilinx/Vivado/2023.1/scripts/rt/data/unisim_comp.v:1462]
CRITICAL WARNING: [Synth 8-9873] overwriting previous definition of module 'BUF' [C:/Xilinx/Vivado/2023.1/scripts/rt/data/unisim_comp.v:1472]
INFO: [Synth 8-9937] previous definition of design element 'BUF' is here [C:/Xilinx/Vivado/2023.1/scripts/rt/data/unisim_comp.v:1472]
CRITICAL WARNING: [Synth 8-9873] overwriting previous definition of module 'BUFCE_LEAF' [C:/Xilinx/Vivado/2023.1/scripts/rt/data/unisim_comp.v:1487]
INFO: [Synth 8-9937] previous definition of design element 'BUFCE_LEAF' is here [C:/Xilinx/Vivado/2023.1/scripts/rt/data/unisim_comp.v:1487]
CRITICAL WARNING: [Synth 8-9873] overwriting previous definition of module 'BUFCE_ROW' [C:/Xilinx/Vivado/2023.1/scripts/rt/data/unisim_comp.v:1502]
INFO: [Synth 8-9937] previous definition of design element 'BUFCE_ROW' is here [C:/Xilinx/Vivado/2023.1/scripts/rt/data/unisim_comp.v:1502]
CRITICAL WARNING: [Synth 8-9873] overwriting previous definition of module 'BUFDIV_LEAF' [C:/Xilinx/Vivado/2023.1/scripts/rt/data/unisim_comp.v:1516]
INFO: [Synth 8-9937] previous definition of design element 'BUFDIV_LEAF' is here [C:/Xilinx/Vivado/2023.1/scripts/rt/data/unisim_comp.v:1516]
CRITICAL WARNING: [Synth 8-9873] overwriting previous definition of module 'BUFG' [C:/Xilinx/Vivado/2023.1/scripts/rt/data/unisim_comp.v:1526]
INFO: [Synth 8-9937] previous definition of design element 'BUFG' is here [C:/Xilinx/Vivado/2023.1/scripts/rt/data/unisim_comp.v:1526]
CRITICAL WARNING: [Synth 8-9873] overwriting previous definition of module 'BUFGCE' [C:/Xilinx/Vivado/2023.1/scripts/rt/data/unisim_comp.v:1543]
INFO: [Synth 8-9937] previous definition of design element 'BUFGCE' is here [C:/Xilinx/Vivado/2023.1/scripts/rt/data/unisim_comp.v:1543]
CRITICAL WARNING: [Synth 8-9873] overwriting previous definition of module 'BUFGCE_1' [C:/Xilinx/Vivado/2023.1/scripts/rt/data/unisim_comp.v:1555]
INFO: [Synth 8-9937] previous definition of design element 'BUFGCE_1' is here [C:/Xilinx/Vivado/2023.1/scripts/rt/data/unisim_comp.v:1555]
CRITICAL WARNING: [Synth 8-9873] overwriting previous definition of module 'BUFGCE_DIV' [C:/Xilinx/Vivado/2023.1/scripts/rt/data/unisim_comp.v:1577]
INFO: [Synth 8-9937] previous definition of design element 'BUFGCE_DIV' is here [C:/Xilinx/Vivado/2023.1/scripts/rt/data/unisim_comp.v:1577]
CRITICAL WARNING: [Synth 8-9873] overwriting previous definition of module 'BUFGCTRL' [C:/Xilinx/Vivado/2023.1/scripts/rt/data/unisim_comp.v:1616]
INFO: [Synth 8-9937] previous definition of design element 'BUFGCTRL' is here [C:/Xilinx/Vivado/2023.1/scripts/rt/data/unisim_comp.v:1616]
CRITICAL WARNING: [Synth 8-9873] overwriting previous definition of module 'BUFGMUX' [C:/Xilinx/Vivado/2023.1/scripts/rt/data/unisim_comp.v:1631]
INFO: [Synth 8-9937] previous definition of design element 'BUFGMUX' is here [C:/Xilinx/Vivado/2023.1/scripts/rt/data/unisim_comp.v:1631]
CRITICAL WARNING: [Synth 8-9873] overwriting previous definition of module 'BUFGMUX_1' [C:/Xilinx/Vivado/2023.1/scripts/rt/data/unisim_comp.v:1644]
INFO: [Synth 8-9937] previous definition of design element 'BUFGMUX_1' is here [C:/Xilinx/Vivado/2023.1/scripts/rt/data/unisim_comp.v:1644]
CRITICAL WARNING: [Synth 8-9873] overwriting previous definition of module 'BUFGMUX_CTRL' [C:/Xilinx/Vivado/2023.1/scripts/rt/data/unisim_comp.v:1658]
INFO: [Synth 8-9937] previous definition of design element 'BUFGMUX_CTRL' is here [C:/Xilinx/Vivado/2023.1/scripts/rt/data/unisim_comp.v:1658]
CRITICAL WARNING: [Synth 8-9873] overwriting previous definition of module 'BUFGMUX_VIRTEX4' [C:/Xilinx/Vivado/2023.1/scripts/rt/data/unisim_comp.v:1672]
INFO: [Synth 8-9937] previous definition of design element 'BUFGMUX_VIRTEX4' is here [C:/Xilinx/Vivado/2023.1/scripts/rt/data/unisim_comp.v:1672]
CRITICAL WARNING: [Synth 8-9873] overwriting previous definition of module 'BUFGP' [C:/Xilinx/Vivado/2023.1/scripts/rt/data/unisim_comp.v:1682]
INFO: [Synth 8-9937] previous definition of design element 'BUFGP' is here [C:/Xilinx/Vivado/2023.1/scripts/rt/data/unisim_comp.v:1682]
CRITICAL WARNING: [Synth 8-9873] overwriting previous definition of module 'BUFG_FABRIC' [C:/Xilinx/Vivado/2023.1/scripts/rt/data/unisim_comp.v:1692]
INFO: [Synth 8-9937] previous definition of design element 'BUFG_FABRIC' is here [C:/Xilinx/Vivado/2023.1/scripts/rt/data/unisim_comp.v:1692]
CRITICAL WARNING: [Synth 8-9873] overwriting previous definition of module 'BUFG_GT' [C:/Xilinx/Vivado/2023.1/scripts/rt/data/unisim_comp.v:1714]
INFO: [Synth 8-9937] previous definition of design element 'BUFG_GT' is here [C:/Xilinx/Vivado/2023.1/scripts/rt/data/unisim_comp.v:1714]
CRITICAL WARNING: [Synth 8-9873] overwriting previous definition of module 'BUFG_GT_SYNC' [C:/Xilinx/Vivado/2023.1/scripts/rt/data/unisim_comp.v:1730]
INFO: [Synth 8-9937] previous definition of design element 'BUFG_GT_SYNC' is here [C:/Xilinx/Vivado/2023.1/scripts/rt/data/unisim_comp.v:1730]
CRITICAL WARNING: [Synth 8-9873] overwriting previous definition of module 'BUFG_HM' [C:/Xilinx/Vivado/2023.1/scripts/rt/data/unisim_comp.v:1741]
INFO: [Synth 8-9937] previous definition of design element 'BUFG_HM' is here [C:/Xilinx/Vivado/2023.1/scripts/rt/data/unisim_comp.v:1741]
CRITICAL WARNING: [Synth 8-9873] overwriting previous definition of module 'BUFG_LB' [C:/Xilinx/Vivado/2023.1/scripts/rt/data/unisim_comp.v:1751]
INFO: [Synth 8-9937] previous definition of design element 'BUFG_LB' is here [C:/Xilinx/Vivado/2023.1/scripts/rt/data/unisim_comp.v:1751]
CRITICAL WARNING: [Synth 8-9873] overwriting previous definition of module 'BUFG_PS' [C:/Xilinx/Vivado/2023.1/scripts/rt/data/unisim_comp.v:1763]
INFO: [Synth 8-9937] previous definition of design element 'BUFG_PS' is here [C:/Xilinx/Vivado/2023.1/scripts/rt/data/unisim_comp.v:1763]
CRITICAL WARNING: [Synth 8-9873] overwriting previous definition of module 'BUFH' [C:/Xilinx/Vivado/2023.1/scripts/rt/data/unisim_comp.v:1773]
INFO: [Synth 8-9937] previous definition of design element 'BUFH' is here [C:/Xilinx/Vivado/2023.1/scripts/rt/data/unisim_comp.v:1773]
CRITICAL WARNING: [Synth 8-9873] overwriting previous definition of module 'BUFHCE' [C:/Xilinx/Vivado/2023.1/scripts/rt/data/unisim_comp.v:1788]
INFO: [Synth 8-9937] previous definition of design element 'BUFHCE' is here [C:/Xilinx/Vivado/2023.1/scripts/rt/data/unisim_comp.v:1788]
CRITICAL WARNING: [Synth 8-9873] overwriting previous definition of module 'BUFIO' [C:/Xilinx/Vivado/2023.1/scripts/rt/data/unisim_comp.v:1798]
INFO: [Synth 8-9937] previous definition of design element 'BUFIO' is here [C:/Xilinx/Vivado/2023.1/scripts/rt/data/unisim_comp.v:1798]
CRITICAL WARNING: [Synth 8-9873] overwriting previous definition of module 'BUFIO2' [C:/Xilinx/Vivado/2023.1/scripts/rt/data/unisim_comp.v:1816]
INFO: [Synth 8-9937] previous definition of design element 'BUFIO2' is here [C:/Xilinx/Vivado/2023.1/scripts/rt/data/unisim_comp.v:1816]
CRITICAL WARNING: [Synth 8-9873] overwriting previous definition of module 'BUFIODQS' [C:/Xilinx/Vivado/2023.1/scripts/rt/data/unisim_comp.v:1829]
INFO: [Synth 8-9937] previous definition of design element 'BUFIODQS' is here [C:/Xilinx/Vivado/2023.1/scripts/rt/data/unisim_comp.v:1829]
CRITICAL WARNING: [Synth 8-9873] overwriting previous definition of module 'BUFMR' [C:/Xilinx/Vivado/2023.1/scripts/rt/data/unisim_comp.v:1839]
INFO: [Synth 8-9937] previous definition of design element 'BUFMR' is here [C:/Xilinx/Vivado/2023.1/scripts/rt/data/unisim_comp.v:1839]
CRITICAL WARNING: [Synth 8-9873] overwriting previous definition of module 'BUFMRCE' [C:/Xilinx/Vivado/2023.1/scripts/rt/data/unisim_comp.v:1854]
INFO: [Synth 8-9937] previous definition of design element 'BUFMRCE' is here [C:/Xilinx/Vivado/2023.1/scripts/rt/data/unisim_comp.v:1854]
CRITICAL WARNING: [Synth 8-9873] overwriting previous definition of module 'BUFR' [C:/Xilinx/Vivado/2023.1/scripts/rt/data/unisim_comp.v:1870]
INFO: [Synth 8-9937] previous definition of design element 'BUFR' is here [C:/Xilinx/Vivado/2023.1/scripts/rt/data/unisim_comp.v:1870]
CRITICAL WARNING: [Synth 8-9873] overwriting previous definition of module 'CAPTUREE2' [C:/Xilinx/Vivado/2023.1/scripts/rt/data/unisim_comp.v:1881]
INFO: [Synth 8-9937] previous definition of design element 'CAPTUREE2' is here [C:/Xilinx/Vivado/2023.1/scripts/rt/data/unisim_comp.v:1881]
CRITICAL WARNING: [Synth 8-9873] overwriting previous definition of module 'CAPTURE_SPARTAN3' [C:/Xilinx/Vivado/2023.1/scripts/rt/data/unisim_comp.v:1891]
INFO: [Synth 8-9937] previous definition of design element 'CAPTURE_SPARTAN3' is here [C:/Xilinx/Vivado/2023.1/scripts/rt/data/unisim_comp.v:1891]
CRITICAL WARNING: [Synth 8-9873] overwriting previous definition of module 'CAPTURE_SPARTAN3A' [C:/Xilinx/Vivado/2023.1/scripts/rt/data/unisim_comp.v:1901]
INFO: [Synth 8-9937] previous definition of design element 'CAPTURE_SPARTAN3A' is here [C:/Xilinx/Vivado/2023.1/scripts/rt/data/unisim_comp.v:1901]
CRITICAL WARNING: [Synth 8-9873] overwriting previous definition of module 'CAPTURE_VIRTEX4' [C:/Xilinx/Vivado/2023.1/scripts/rt/data/unisim_comp.v:1911]
INFO: [Synth 8-9937] previous definition of design element 'CAPTURE_VIRTEX4' is here [C:/Xilinx/Vivado/2023.1/scripts/rt/data/unisim_comp.v:1911]
CRITICAL WARNING: [Synth 8-9873] overwriting previous definition of module 'CAPTURE_VIRTEX5' [C:/Xilinx/Vivado/2023.1/scripts/rt/data/unisim_comp.v:1921]
INFO: [Synth 8-9937] previous definition of design element 'CAPTURE_VIRTEX5' is here [C:/Xilinx/Vivado/2023.1/scripts/rt/data/unisim_comp.v:1921]
CRITICAL WARNING: [Synth 8-9873] overwriting previous definition of module 'CAPTURE_VIRTEX6' [C:/Xilinx/Vivado/2023.1/scripts/rt/data/unisim_comp.v:1931]
INFO: [Synth 8-9937] previous definition of design element 'CAPTURE_VIRTEX6' is here [C:/Xilinx/Vivado/2023.1/scripts/rt/data/unisim_comp.v:1931]
CRITICAL WARNING: [Synth 8-9873] overwriting previous definition of module 'CARRY4' [C:/Xilinx/Vivado/2023.1/scripts/rt/data/unisim_comp.v:1949]
INFO: [Synth 8-9937] previous definition of design element 'CARRY4' is here [C:/Xilinx/Vivado/2023.1/scripts/rt/data/unisim_comp.v:1949]
CRITICAL WARNING: [Synth 8-9873] overwriting previous definition of module 'CARRY8' [C:/Xilinx/Vivado/2023.1/scripts/rt/data/unisim_comp.v:1968]
INFO: [Synth 8-9937] previous definition of design element 'CARRY8' is here [C:/Xilinx/Vivado/2023.1/scripts/rt/data/unisim_comp.v:1968]
CRITICAL WARNING: [Synth 8-9873] overwriting previous definition of module 'CFGLUT5' [C:/Xilinx/Vivado/2023.1/scripts/rt/data/unisim_comp.v:1998]
INFO: [Synth 8-9937] previous definition of design element 'CFGLUT5' is here [C:/Xilinx/Vivado/2023.1/scripts/rt/data/unisim_comp.v:1998]
CRITICAL WARNING: [Synth 8-9873] overwriting previous definition of module 'CLKDLL' [C:/Xilinx/Vivado/2023.1/scripts/rt/data/unisim_comp.v:2028]
INFO: [Synth 8-9937] previous definition of design element 'CLKDLL' is here [C:/Xilinx/Vivado/2023.1/scripts/rt/data/unisim_comp.v:2028]
CRITICAL WARNING: [Synth 8-9873] overwriting previous definition of module 'CLKDLLE' [C:/Xilinx/Vivado/2023.1/scripts/rt/data/unisim_comp.v:2060]
INFO: [Synth 8-9937] previous definition of design element 'CLKDLLE' is here [C:/Xilinx/Vivado/2023.1/scripts/rt/data/unisim_comp.v:2060]
CRITICAL WARNING: [Synth 8-9873] overwriting previous definition of module 'CLKDLLHF' [C:/Xilinx/Vivado/2023.1/scripts/rt/data/unisim_comp.v:2084]
INFO: [Synth 8-9937] previous definition of design element 'CLKDLLHF' is here [C:/Xilinx/Vivado/2023.1/scripts/rt/data/unisim_comp.v:2084]
CRITICAL WARNING: [Synth 8-9873] overwriting previous definition of module 'CLOCK_MOD_CLE_FF' [C:/Xilinx/Vivado/2023.1/scripts/rt/data/unisim_comp.v:2098]
INFO: [Synth 8-9937] previous definition of design element 'CLOCK_MOD_CLE_FF' is here [C:/Xilinx/Vivado/2023.1/scripts/rt/data/unisim_comp.v:2098]
CRITICAL WARNING: [Synth 8-9873] overwriting previous definition of module 'CLOCK_MOD_CLE_IMR' [C:/Xilinx/Vivado/2023.1/scripts/rt/data/unisim_comp.v:2112]
INFO: [Synth 8-9937] previous definition of design element 'CLOCK_MOD_CLE_IMR' is here [C:/Xilinx/Vivado/2023.1/scripts/rt/data/unisim_comp.v:2112]
CRITICAL WARNING: [Synth 8-9873] overwriting previous definition of module 'CLOCK_MOD_IRI_FF' [C:/Xilinx/Vivado/2023.1/scripts/rt/data/unisim_comp.v:2125]
INFO: [Synth 8-9937] previous definition of design element 'CLOCK_MOD_IRI_FF' is here [C:/Xilinx/Vivado/2023.1/scripts/rt/data/unisim_comp.v:2125]
CRITICAL WARNING: [Synth 8-9873] overwriting previous definition of module 'CLOCK_MOD_IRI_IMR' [C:/Xilinx/Vivado/2023.1/scripts/rt/data/unisim_comp.v:2140]
INFO: [Synth 8-9937] previous definition of design element 'CLOCK_MOD_IRI_IMR' is here [C:/Xilinx/Vivado/2023.1/scripts/rt/data/unisim_comp.v:2140]
CRITICAL WARNING: [Synth 8-9873] overwriting previous definition of module 'CMAC' [C:/Xilinx/Vivado/2023.1/scripts/rt/data/unisim_comp.v:2950]
INFO: [Synth 8-9937] previous definition of design element 'CMAC' is here [C:/Xilinx/Vivado/2023.1/scripts/rt/data/unisim_comp.v:2950]
CRITICAL WARNING: [Synth 8-9873] overwriting previous definition of module 'CMACE4' [C:/Xilinx/Vivado/2023.1/scripts/rt/data/unisim_comp.v:3866]
INFO: [Synth 8-9937] previous definition of design element 'CMACE4' is here [C:/Xilinx/Vivado/2023.1/scripts/rt/data/unisim_comp.v:3866]
CRITICAL WARNING: [Synth 8-9873] overwriting previous definition of module 'CMPHY_OCTAD' [C:/Xilinx/Vivado/2023.1/scripts/rt/data/unisim_comp.v:4294]
INFO: [Synth 8-9937] previous definition of design element 'CMPHY_OCTAD' is here [C:/Xilinx/Vivado/2023.1/scripts/rt/data/unisim_comp.v:4294]
CRITICAL WARNING: [Synth 8-9873] overwriting previous definition of module 'CPM' [C:/Xilinx/Vivado/2023.1/scripts/rt/data/unisim_comp.v:7520]
INFO: [Synth 8-9937] previous definition of design element 'CPM' is here [C:/Xilinx/Vivado/2023.1/scripts/rt/data/unisim_comp.v:7520]
CRITICAL WARNING: [Synth 8-9873] overwriting previous definition of module 'CPM5' [C:/Xilinx/Vivado/2023.1/scripts/rt/data/unisim_comp.v:17967]
INFO: [Synth 8-9937] previous definition of design element 'CPM5' is here [C:/Xilinx/Vivado/2023.1/scripts/rt/data/unisim_comp.v:17967]
CRITICAL WARNING: [Synth 8-9873] overwriting previous definition of module 'CPM5N' [C:/Xilinx/Vivado/2023.1/scripts/rt/data/unisim_comp.v:27116]
INFO: [Synth 8-9937] previous definition of design element 'CPM5N' is here [C:/Xilinx/Vivado/2023.1/scripts/rt/data/unisim_comp.v:27116]
CRITICAL WARNING: [Synth 8-9873] overwriting previous definition of module 'CPM_EXT' [C:/Xilinx/Vivado/2023.1/scripts/rt/data/unisim_comp.v:27888]
INFO: [Synth 8-9937] previous definition of design element 'CPM_EXT' is here [C:/Xilinx/Vivado/2023.1/scripts/rt/data/unisim_comp.v:27888]
CRITICAL WARNING: [Synth 8-9873] overwriting previous definition of module 'CPM_MAIN' [C:/Xilinx/Vivado/2023.1/scripts/rt/data/unisim_comp.v:31128]
INFO: [Synth 8-9937] previous definition of design element 'CPM_MAIN' is here [C:/Xilinx/Vivado/2023.1/scripts/rt/data/unisim_comp.v:31128]
CRITICAL WARNING: [Synth 8-9873] overwriting previous definition of module 'DCIRESET' [C:/Xilinx/Vivado/2023.1/scripts/rt/data/unisim_comp.v:31138]
INFO: [Synth 8-9937] previous definition of design element 'DCIRESET' is here [C:/Xilinx/Vivado/2023.1/scripts/rt/data/unisim_comp.v:31138]
CRITICAL WARNING: [Synth 8-9873] overwriting previous definition of module 'DCM' [C:/Xilinx/Vivado/2023.1/scripts/rt/data/unisim_comp.v:31184]
INFO: [Synth 8-9937] previous definition of design element 'DCM' is here [C:/Xilinx/Vivado/2023.1/scripts/rt/data/unisim_comp.v:31184]
CRITICAL WARNING: [Synth 8-9873] overwriting previous definition of module 'DCMAC' [C:/Xilinx/Vivado/2023.1/scripts/rt/data/unisim_comp.v:34018]
INFO: [Synth 8-9937] previous definition of design element 'DCMAC' is here [C:/Xilinx/Vivado/2023.1/scripts/rt/data/unisim_comp.v:34018]
CRITICAL WARNING: [Synth 8-9873] overwriting previous definition of module 'DCM_ADV' [C:/Xilinx/Vivado/2023.1/scripts/rt/data/unisim_comp.v:34089]
INFO: [Common 17-14] Message 'Synth 8-9873' appears 100 times and further instances of the messages will be disabled. Use the Tcl command set_msg_config to change the current settings.
INFO: [Synth 8-9937] previous definition of design element 'DCM_ADV' is here [C:/Xilinx/Vivado/2023.1/scripts/rt/data/unisim_comp.v:34089]
INFO: [Common 17-14] Message 'Synth 8-9937' appears 100 times and further instances of the messages will be disabled. Use the Tcl command set_msg_config to change the current settings.
---------------------------------------------------------------------------------
Starting RTL Elaboration : Time (s): cpu = 00:00:06 ; elapsed = 00:00:06 . Memory (MB): peak = 2655.855 ; gain = 132.305
---------------------------------------------------------------------------------
INFO: [Synth 8-638] synthesizing module 'luzuwu' [C:/Users/njimenezs/Documents/arqui/clase2026/basico/basico.srcs/sources_1/new/luzuwu.vhd:41]
INFO: [Synth 8-256] done synthesizing module 'luzuwu' (0#1) [C:/Users/njimenezs/Documents/arqui/clase2026/basico/basico.srcs/sources_1/new/luzuwu.vhd:41]
---------------------------------------------------------------------------------
Finished RTL Elaboration : Time (s): cpu = 00:00:09 ; elapsed = 00:00:09 . Memory (MB): peak = 2730.629 ; gain = 207.078
---------------------------------------------------------------------------------
---------------------------------------------------------------------------------
Start Handling Custom Attributes
---------------------------------------------------------------------------------
---------------------------------------------------------------------------------
Finished Handling Custom Attributes : Time (s): cpu = 00:00:09 ; elapsed = 00:00:09 . Memory (MB): peak = 2730.629 ; gain = 207.078
---------------------------------------------------------------------------------
---------------------------------------------------------------------------------
Finished RTL Optimization Phase 1 : Time (s): cpu = 00:00:09 ; elapsed = 00:00:09 . Memory (MB): peak = 2730.629 ; gain = 207.078
---------------------------------------------------------------------------------
Netlist sorting complete. Time (s): cpu = 00:00:00 ; elapsed = 00:00:00.002 . Memory (MB): peak = 2730.629 ; gain = 0.000
INFO: [Project 1-570] Preparing netlist for logic optimization

Processing XDC Constraints
Initializing timing engine
Completed Processing XDC Constraints

refresh_design: Time (s): cpu = 00:00:15 ; elapsed = 00:00:13 . Memory (MB): peak = 2730.629 ; gain = 207.078
reset_run synth_1
INFO: [Project 1-1161] Replacing file C:/Users/njimenezs/Documents/arqui/clase2026/basico/basico.srcs/utils_1/imports/synth_1/notgate.dcp with file C:/Users/njimenezs/Documents/arqui/clase2026/basico/basico.runs/synth_1/display_control.dcp
close_design
synth_design -rtl -rtl_skip_mlo -name rtl_1
Command: synth_design -rtl -rtl_skip_mlo -name rtl_1
Starting synth_design
Using part: xc7a35tcpg236-1
Top: luzuwu
---------------------------------------------------------------------------------
Starting RTL Elaboration : Time (s): cpu = 00:00:05 ; elapsed = 00:00:06 . Memory (MB): peak = 2730.629 ; gain = 0.000
---------------------------------------------------------------------------------
INFO: [Synth 8-638] synthesizing module 'luzuwu' [C:/Users/njimenezs/Documents/arqui/clase2026/basico/basico.srcs/sources_1/new/luzuwu.vhd:41]
INFO: [Synth 8-256] done synthesizing module 'luzuwu' (0#1) [C:/Users/njimenezs/Documents/arqui/clase2026/basico/basico.srcs/sources_1/new/luzuwu.vhd:41]
---------------------------------------------------------------------------------
Finished RTL Elaboration : Time (s): cpu = 00:00:07 ; elapsed = 00:00:08 . Memory (MB): peak = 2730.629 ; gain = 0.000
---------------------------------------------------------------------------------
---------------------------------------------------------------------------------
Start Handling Custom Attributes
---------------------------------------------------------------------------------
---------------------------------------------------------------------------------
Finished Handling Custom Attributes : Time (s): cpu = 00:00:07 ; elapsed = 00:00:08 . Memory (MB): peak = 2730.629 ; gain = 0.000
---------------------------------------------------------------------------------
---------------------------------------------------------------------------------
Finished RTL Optimization Phase 1 : Time (s): cpu = 00:00:07 ; elapsed = 00:00:08 . Memory (MB): peak = 2730.629 ; gain = 0.000
---------------------------------------------------------------------------------
Netlist sorting complete. Time (s): cpu = 00:00:00 ; elapsed = 00:00:00.002 . Memory (MB): peak = 2730.629 ; gain = 0.000
INFO: [Project 1-570] Preparing netlist for logic optimization

Processing XDC Constraints
Initializing timing engine
Parsing XDC File [C:/Users/njimenezs/Documents/arqui/clase2026/basico/basico.srcs/luzuwu/imports/Downloads/Basys-3-Master.xdc]
Finished Parsing XDC File [C:/Users/njimenezs/Documents/arqui/clase2026/basico/basico.srcs/luzuwu/imports/Downloads/Basys-3-Master.xdc]
Completed Processing XDC Constraints

Netlist sorting complete. Time (s): cpu = 00:00:00 ; elapsed = 00:00:00 . Memory (MB): peak = 2730.629 ; gain = 0.000
INFO: [Project 1-111] Unisim Transformation Summary:
No Unisim elements were transformed.

RTL Elaboration Complete:  : Time (s): cpu = 00:00:11 ; elapsed = 00:00:10 . Memory (MB): peak = 2730.629 ; gain = 0.000
4 Infos, 0 Warnings, 0 Critical Warnings and 0 Errors encountered.
synth_design completed successfully
synth_design: Time (s): cpu = 00:00:12 ; elapsed = 00:00:10 . Memory (MB): peak = 2730.629 ; gain = 0.000
launch_runs impl_1 -to_step write_bitstream -jobs 4
[Sat Mar 28 13:06:56 2026] Launched synth_1...
Run output will be captured here: C:/Users/njimenezs/Documents/arqui/clase2026/basico/basico.runs/synth_1/runme.log
[Sat Mar 28 13:06:56 2026] Launched impl_1...
Run output will be captured here: C:/Users/njimenezs/Documents/arqui/clase2026/basico/basico.runs/impl_1/runme.log
open_hw_manager
connect_hw_server -allow_non_jtag
INFO: [Labtools 27-2285] Connecting to hw_server url TCP:localhost:3121
INFO: [Labtools 27-2222] Launching hw_server...
INFO: [Labtools 27-2221] Launch Output:
ECHO estĀ desactivado.
ECHO estĀ desactivado.

****** Xilinx hw_server v2023.1
  **** Build date : May  7 2023 at 15:26:57
    ** Copyright 1986-2022 Xilinx, Inc. All Rights Reserved.


INFO: [Labtools 27-3415] Connecting to cs_server url TCP:localhost:0
INFO: [Labtools 27-3417] Launching cs_server...
INFO: [Labtools 27-2221] Launch Output:
ECHO estĀ desactivado.
ECHO estĀ desactivado.


******** Xilinx cs_server v2023.1.0
  ****** Build date   : Apr 10 2023-10:59:24
    **** Build number : 2023.1.1681142364
      ** Copyright 2017-2022 Xilinx, Inc. All Rights Reserved.
      ** Copyright 2022-2026 Advanced Micro Devices, Inc. All Rights Reserved.



connect_hw_server: Time (s): cpu = 00:00:01 ; elapsed = 00:00:14 . Memory (MB): peak = 2730.629 ; gain = 0.000
open_hw_target
INFO: [Labtoolstcl 44-466] Opening hw_target localhost:3121/xilinx_tcf/Digilent/210183AA0C7AA
set_property PROGRAM.FILE {C:/Users/njimenezs/Documents/arqui/clase2026/basico/basico.runs/impl_1/luzuwu.bit} [get_hw_devices xc7a35t_0]
current_hw_device [get_hw_devices xc7a35t_0]
refresh_hw_device -update_hw_probes false [lindex [get_hw_devices xc7a35t_0] 0]
INFO: [Labtools 27-1435] Device xc7a35t (JTAG device index = 0) is not programmed (DONE status = 0).
set_property PROBES.FILE {} [get_hw_devices xc7a35t_0]
set_property FULL_PROBES.FILE {} [get_hw_devices xc7a35t_0]
set_property PROGRAM.FILE {C:/Users/njimenezs/Documents/arqui/clase2026/basico/basico.runs/impl_1/luzuwu.bit} [get_hw_devices xc7a35t_0]
program_hw_devices [get_hw_devices xc7a35t_0]
INFO: [Labtools 27-3164] End of startup status: HIGH
refresh_hw_device [lindex [get_hw_devices xc7a35t_0] 0]
INFO: [Labtools 27-1434] Device xc7a35t (JTAG device index = 0) is programmed with a design that has no supported debug core(s) in it.
ERROR: [Labtoolstcl 44-513] HW Target shutdown. Closing target: localhost:3121/xilinx_tcf/Digilent/210183AA0C7AA
exit
INFO: [Common 17-206] Exiting Vivado at Sat Mar 28 13:11:55 2026...
